#
# A fatal error has been detected by the Java Runtime Environment:
#
#  Internal Error (javaClasses.cpp:129), pid=24456, tid=140031137269504
#  fatal error: Invalid layout of preloaded class
#
# JRE version: 7.0_25-b30
# Java VM: OpenJDK 64-Bit Server VM (23.7-b01 mixed mode linux-amd64 compressed oops)
# Failed to write core dump. Core dumps have been disabled. To enable core dumping, try "ulimit -c unlimited" before starting Java again
#
# If you would like to submit a bug report, please include
# instructions on how to reproduce the bug and visit:
#   https://bugs.launchpad.net/ubuntu/+source/openjdk-7/
#

---------------  T H R E A D  ---------------

Current thread (0x00007f5b84009000):  JavaThread "Unknown thread" [_thread_in_vm, id=24458, stack(0x00007f5b8a21c000,0x00007f5b8a31d000)]

Stack: [0x00007f5b8a21c000,0x00007f5b8a31d000],  sp=0x00007f5b8a31b9a0,  free space=1022k
Native frames: (J=compiled Java code, j=interpreted, Vv=VM code, C=native code)
V  [libjvm.so+0x84e92b]  VMError::report_and_die()+0x16b
V  [libjvm.so+0x3ebd57]  report_fatal(char const*, int, char const*)+0x57
V  [libjvm.so+0x528efa]  compute_offset(int&, klassOopDesc*, Symbol*, Symbol*, bool) [clone .constprop.123]+0x11a
V  [libjvm.so+0x529166]  java_lang_String::compute_offsets()+0x36
V  [libjvm.so+0x7dcf8d]  SystemDictionary::initialize_preloaded_classes(Thread*)+0x3d
V  [libjvm.so+0x829288]  Universe::genesis(Thread*)+0x468
V  [libjvm.so+0x82973f]  universe2_init()+0x1f
V  [libjvm.so+0x4dde1a]  init_globals()+0x9a
V  [libjvm.so+0x80d26c]  Threads::create_vm(JavaVMInitArgs*, bool*)+0x39c
V  [libjvm.so+0x545278]  JNI_CreateJavaVM+0x58
C  [libjli.so+0x2b34]  __strcat_chk+0x2b34


---------------  P R O C E S S  ---------------

Java Threads: ( => current thread )

Other Threads:

=>0x00007f5b84009000 (exited) JavaThread "Unknown thread" [_thread_in_vm, id=24458, stack(0x00007f5b8a21c000,0x00007f5b8a31d000)]

VM state:not at safepoint (not fully initialized)

VM Mutex/Monitor currently owned by a thread: None

GC Heap History (0 events):
No events

Deoptimization events (0 events):
No events

Internal exceptions (0 events):
No events

Events (10 events):
Event: 0.013 loading class 0x00007f5b84027240 done
Event: 0.013 loading class 0x00007f5b84026ae0 done
Event: 0.013 loading class 0x00007f5b84026ab0
Event: 0.013 loading class 0x00007f5b84051cc0
Event: 0.013 loading class 0x00007f5b84051cc0 done
Event: 0.013 loading class 0x00007f5b84051d00
Event: 0.013 loading class 0x00007f5b84051d00 done
Event: 0.013 loading class 0x00007f5b84051d40
Event: 0.013 loading class 0x00007f5b84051d40 done
Event: 0.014 loading class 0x00007f5b84026ab0 done


Dynamic libraries:
00400000-00401000 r-xp 00000000 08:07 273088                             /usr/lib/jvm/java-7-openjdk-amd64/jre/bin/java
00600000-00601000 r--p 00000000 08:07 273088                             /usr/lib/jvm/java-7-openjdk-amd64/jre/bin/java
00601000-00602000 rw-p 00001000 08:07 273088                             /usr/lib/jvm/java-7-openjdk-amd64/jre/bin/java
02196000-021b7000 rw-p 00000000 00:00 0                                  [heap]
c6800000-c7cc0000 rw-p 00000000 00:00 0 
c7cc0000-d0e00000 rw-p 00000000 00:00 0 
d0e00000-d2d60000 rw-p 00000000 00:00 0 
d2d60000-f04b0000 rw-p 00000000 00:00 0 
f04b0000-f1460000 rw-p 00000000 00:00 0 
f1460000-100000000 rw-p 00000000 00:00 0 
7f5b70000000-7f5b70021000 rw-p 00000000 00:00 0 
7f5b70021000-7f5b74000000 ---p 00000000 00:00 0 
7f5b78000000-7f5b78021000 rw-p 00000000 00:00 0 
7f5b78021000-7f5b7c000000 ---p 00000000 00:00 0 
7f5b7d360000-7f5b7d5a2000 rw-p 00000000 00:00 0 
7f5b7d5a2000-7f5b7d667000 r--s 0115c000 08:07 585137                     /home/filip/android-sdks/platforms/android-17/android.jar
7f5b7d667000-7f5b7fa57000 rw-p 00000000 00:00 0 
7f5b7fa57000-7f5b7fa58000 ---p 00000000 00:00 0 
7f5b7fa58000-7f5b7fb58000 rw-p 00000000 00:00 0                          [stack:24463]
7f5b7fb58000-7f5b7fb59000 ---p 00000000 00:00 0 
7f5b7fb59000-7f5b7fc64000 rw-p 00000000 00:00 0                          [stack:24462]
7f5b7fc64000-7f5b7fcac000 rw-p 00000000 00:00 0 
7f5b7fcac000-7f5b7fcbc000 rw-p 00000000 00:00 0 
7f5b7fcbc000-7f5b7fda8000 rw-p 00000000 00:00 0 
7f5b7fda8000-7f5b7fdb3000 rw-p 00000000 00:00 0 
7f5b7fdb3000-7f5b7fdfb000 rw-p 00000000 00:00 0 
7f5b7fdfb000-7f5b7fe0b000 rw-p 00000000 00:00 0 
7f5b7fe0b000-7f5b7fef6000 rw-p 00000000 00:00 0 
7f5b7fef6000-7f5b7feff000 rw-p 00000000 00:00 0 
7f5b7feff000-7f5b7ff74000 rw-p 00000000 00:00 0 
7f5b7ff74000-7f5b7ff75000 rw-p 00000000 00:00 0 
7f5b7ff75000-7f5b801e5000 rwxp 00000000 00:00 0 
7f5b801e5000-7f5b82f75000 rw-p 00000000 00:00 0 
7f5b82f75000-7f5b82f7d000 r-xp 00000000 08:07 273086                     /usr/lib/jvm/java-7-openjdk-amd64/jre/lib/amd64/libzip.so
7f5b82f7d000-7f5b8317c000 ---p 00008000 08:07 273086                     /usr/lib/jvm/java-7-openjdk-amd64/jre/lib/amd64/libzip.so
7f5b8317c000-7f5b8317d000 r--p 00007000 08:07 273086                     /usr/lib/jvm/java-7-openjdk-amd64/jre/lib/amd64/libzip.so
7f5b8317d000-7f5b8317e000 rw-p 00008000 08:07 273086                     /usr/lib/jvm/java-7-openjdk-amd64/jre/lib/amd64/libzip.so
7f5b8317e000-7f5b8318a000 r-xp 00000000 08:07 922800                     /lib/x86_64-linux-gnu/libnss_files-2.17.so
7f5b8318a000-7f5b83389000 ---p 0000c000 08:07 922800                     /lib/x86_64-linux-gnu/libnss_files-2.17.so
7f5b83389000-7f5b8338a000 r--p 0000b000 08:07 922800                     /lib/x86_64-linux-gnu/libnss_files-2.17.so
7f5b8338a000-7f5b8338b000 rw-p 0000c000 08:07 922800                     /lib/x86_64-linux-gnu/libnss_files-2.17.so
7f5b8338b000-7f5b83396000 r-xp 00000000 08:07 922539                     /lib/x86_64-linux-gnu/libnss_nis-2.17.so
7f5b83396000-7f5b83595000 ---p 0000b000 08:07 922539                     /lib/x86_64-linux-gnu/libnss_nis-2.17.so
7f5b83595000-7f5b83596000 r--p 0000a000 08:07 922539                     /lib/x86_64-linux-gnu/libnss_nis-2.17.so
7f5b83596000-7f5b83597000 rw-p 0000b000 08:07 922539                     /lib/x86_64-linux-gnu/libnss_nis-2.17.so
7f5b83597000-7f5b835ae000 r-xp 00000000 08:07 921517                     /lib/x86_64-linux-gnu/libnsl-2.17.so
7f5b835ae000-7f5b837ad000 ---p 00017000 08:07 921517                     /lib/x86_64-linux-gnu/libnsl-2.17.so
7f5b837ad000-7f5b837ae000 r--p 00016000 08:07 921517                     /lib/x86_64-linux-gnu/libnsl-2.17.so
7f5b837ae000-7f5b837af000 rw-p 00017000 08:07 921517                     /lib/x86_64-linux-gnu/libnsl-2.17.so
7f5b837af000-7f5b837b1000 rw-p 00000000 00:00 0 
7f5b837b1000-7f5b837b9000 r-xp 00000000 08:07 921812                     /lib/x86_64-linux-gnu/libnss_compat-2.17.so
7f5b837b9000-7f5b839b8000 ---p 00008000 08:07 921812                     /lib/x86_64-linux-gnu/libnss_compat-2.17.so
7f5b839b8000-7f5b839b9000 r--p 00007000 08:07 921812                     /lib/x86_64-linux-gnu/libnss_compat-2.17.so
7f5b839b9000-7f5b839ba000 rw-p 00008000 08:07 921812                     /lib/x86_64-linux-gnu/libnss_compat-2.17.so
7f5b839ba000-7f5b839e5000 r-xp 00000000 08:07 272996                     /usr/lib/jvm/java-7-openjdk-amd64/jre/lib/amd64/libjava.so
7f5b839e5000-7f5b83be4000 ---p 0002b000 08:07 272996                     /usr/lib/jvm/java-7-openjdk-amd64/jre/lib/amd64/libjava.so
7f5b83be4000-7f5b83be5000 r--p 0002a000 08:07 272996                     /usr/lib/jvm/java-7-openjdk-amd64/jre/lib/amd64/libjava.so
7f5b83be5000-7f5b83be7000 rw-p 0002b000 08:07 272996                     /usr/lib/jvm/java-7-openjdk-amd64/jre/lib/amd64/libjava.so
7f5b83be7000-7f5b83bf6000 r-xp 00000000 08:07 272995                     /usr/lib/jvm/java-7-openjdk-amd64/jre/lib/amd64/libverify.so
7f5b83bf6000-7f5b83df5000 ---p 0000f000 08:07 272995                     /usr/lib/jvm/java-7-openjdk-amd64/jre/lib/amd64/libverify.so
7f5b83df5000-7f5b83df7000 r--p 0000e000 08:07 272995                     /usr/lib/jvm/java-7-openjdk-amd64/jre/lib/amd64/libverify.so
7f5b83df7000-7f5b83df8000 rw-p 00010000 08:07 272995                     /usr/lib/jvm/java-7-openjdk-amd64/jre/lib/amd64/libverify.so
7f5b83df8000-7f5b83dff000 r-xp 00000000 08:07 918176                     /lib/x86_64-linux-gnu/librt-2.17.so
7f5b83dff000-7f5b83ffe000 ---p 00007000 08:07 918176                     /lib/x86_64-linux-gnu/librt-2.17.so
7f5b83ffe000-7f5b83fff000 r--p 00006000 08:07 918176                     /lib/x86_64-linux-gnu/librt-2.17.so
7f5b83fff000-7f5b84000000 rw-p 00007000 08:07 918176                     /lib/x86_64-linux-gnu/librt-2.17.so
7f5b84000000-7f5b8405c000 rw-p 00000000 00:00 0 
7f5b8405c000-7f5b88000000 ---p 00000000 00:00 0 
7f5b88017000-7f5b8803f000 rw-p 00000000 00:00 0 
7f5b8803f000-7f5b88053000 r-xp 00000000 08:07 921746                     /lib/x86_64-linux-gnu/libgcc_s.so.1
7f5b88053000-7f5b88253000 ---p 00014000 08:07 921746                     /lib/x86_64-linux-gnu/libgcc_s.so.1
7f5b88253000-7f5b88254000 r--p 00014000 08:07 921746                     /lib/x86_64-linux-gnu/libgcc_s.so.1
7f5b88254000-7f5b88255000 rw-p 00015000 08:07 921746                     /lib/x86_64-linux-gnu/libgcc_s.so.1
7f5b88255000-7f5b88358000 r-xp 00000000 08:07 922537                     /lib/x86_64-linux-gnu/libm-2.17.so
7f5b88358000-7f5b88558000 ---p 00103000 08:07 922537                     /lib/x86_64-linux-gnu/libm-2.17.so
7f5b88558000-7f5b88559000 r--p 00103000 08:07 922537                     /lib/x86_64-linux-gnu/libm-2.17.so
7f5b88559000-7f5b8855a000 rw-p 00104000 08:07 922537                     /lib/x86_64-linux-gnu/libm-2.17.so
7f5b8855a000-7f5b8863f000 r-xp 00000000 08:07 262638                     /usr/lib/x86_64-linux-gnu/libstdc++.so.6.0.17
7f5b8863f000-7f5b8883e000 ---p 000e5000 08:07 262638                     /usr/lib/x86_64-linux-gnu/libstdc++.so.6.0.17
7f5b8883e000-7f5b88846000 r--p 000e4000 08:07 262638                     /usr/lib/x86_64-linux-gnu/libstdc++.so.6.0.17
7f5b88846000-7f5b88848000 rw-p 000ec000 08:07 262638                     /usr/lib/x86_64-linux-gnu/libstdc++.so.6.0.17
7f5b88848000-7f5b8885d000 rw-p 00000000 00:00 0 
7f5b8885d000-7f5b8924d000 r-xp 00000000 08:07 273000                     /usr/lib/jvm/java-7-openjdk-amd64/jre/lib/amd64/server/libjvm.so
7f5b8924d000-7f5b8944c000 ---p 009f0000 08:07 273000                     /usr/lib/jvm/java-7-openjdk-amd64/jre/lib/amd64/server/libjvm.so
7f5b8944c000-7f5b894cb000 r--p 009ef000 08:07 273000                     /usr/lib/jvm/java-7-openjdk-amd64/jre/lib/amd64/server/libjvm.so
7f5b894cb000-7f5b894ee000 rw-p 00a6e000 08:07 273000                     /usr/lib/jvm/java-7-openjdk-amd64/jre/lib/amd64/server/libjvm.so
7f5b894ee000-7f5b89519000 rw-p 00000000 00:00 0 
7f5b89519000-7f5b8952f000 r-xp 00000000 08:07 923602                     /lib/x86_64-linux-gnu/libz.so.1.2.7
7f5b8952f000-7f5b8972e000 ---p 00016000 08:07 923602                     /lib/x86_64-linux-gnu/libz.so.1.2.7
7f5b8972e000-7f5b8972f000 r--p 00015000 08:07 923602                     /lib/x86_64-linux-gnu/libz.so.1.2.7
7f5b8972f000-7f5b89730000 rw-p 00016000 08:07 923602                     /lib/x86_64-linux-gnu/libz.so.1.2.7
7f5b89730000-7f5b89748000 r-xp 00000000 08:07 922536                     /lib/x86_64-linux-gnu/libpthread-2.17.so
7f5b89748000-7f5b89947000 ---p 00018000 08:07 922536                     /lib/x86_64-linux-gnu/libpthread-2.17.so
7f5b89947000-7f5b89948000 r--p 00017000 08:07 922536                     /lib/x86_64-linux-gnu/libpthread-2.17.so
7f5b89948000-7f5b89949000 rw-p 00018000 08:07 922536                     /lib/x86_64-linux-gnu/libpthread-2.17.so
7f5b89949000-7f5b8994d000 rw-p 00000000 00:00 0 
7f5b8994d000-7f5b89950000 r-xp 00000000 08:07 921768                     /lib/x86_64-linux-gnu/libdl-2.17.so
7f5b89950000-7f5b89b4f000 ---p 00003000 08:07 921768                     /lib/x86_64-linux-gnu/libdl-2.17.so
7f5b89b4f000-7f5b89b50000 r--p 00002000 08:07 921768                     /lib/x86_64-linux-gnu/libdl-2.17.so
7f5b89b50000-7f5b89b51000 rw-p 00003000 08:07 921768                     /lib/x86_64-linux-gnu/libdl-2.17.so
7f5b89b51000-7f5b89d0f000 r-xp 00000000 08:07 921755                     /lib/x86_64-linux-gnu/libc-2.17.so
7f5b89d0f000-7f5b89f0e000 ---p 001be000 08:07 921755                     /lib/x86_64-linux-gnu/libc-2.17.so
7f5b89f0e000-7f5b89f12000 r--p 001bd000 08:07 921755                     /lib/x86_64-linux-gnu/libc-2.17.so
7f5b89f12000-7f5b89f14000 rw-p 001c1000 08:07 921755                     /lib/x86_64-linux-gnu/libc-2.17.so
7f5b89f14000-7f5b89f19000 rw-p 00000000 00:00 0 
7f5b89f19000-7f5b89f26000 r-xp 00000000 08:07 272697                     /usr/lib/jvm/java-7-openjdk-amd64/jre/lib/amd64/jli/libjli.so
7f5b89f26000-7f5b8a125000 ---p 0000d000 08:07 272697                     /usr/lib/jvm/java-7-openjdk-amd64/jre/lib/amd64/jli/libjli.so
7f5b8a125000-7f5b8a126000 r--p 0000c000 08:07 272697                     /usr/lib/jvm/java-7-openjdk-amd64/jre/lib/amd64/jli/libjli.so
7f5b8a126000-7f5b8a127000 rw-p 0000d000 08:07 272697                     /usr/lib/jvm/java-7-openjdk-amd64/jre/lib/amd64/jli/libjli.so
7f5b8a127000-7f5b8a14a000 r-xp 00000000 08:07 921521                     /lib/x86_64-linux-gnu/ld-2.17.so
7f5b8a15c000-7f5b8a166000 rw-p 00000000 00:00 0 
7f5b8a166000-7f5b8a21c000 rw-p 00000000 00:00 0 
7f5b8a21c000-7f5b8a21f000 ---p 00000000 00:00 0 
7f5b8a21f000-7f5b8a322000 rw-p 00000000 00:00 0                          [stack:24458]
7f5b8a33b000-7f5b8a33d000 rw-p 00000000 00:00 0 
7f5b8a33d000-7f5b8a345000 rw-s 00000000 08:07 1060565                    /tmp/hsperfdata_filip/24456
7f5b8a345000-7f5b8a346000 rw-p 00000000 00:00 0 
7f5b8a346000-7f5b8a347000 r--p 00000000 00:00 0 
7f5b8a347000-7f5b8a349000 rw-p 00000000 00:00 0 
7f5b8a349000-7f5b8a34a000 r--p 00022000 08:07 921521                     /lib/x86_64-linux-gnu/ld-2.17.so
7f5b8a34a000-7f5b8a34c000 rw-p 00023000 08:07 921521                     /lib/x86_64-linux-gnu/ld-2.17.so
7fff34f42000-7fff34f63000 rw-p 00000000 00:00 0                          [stack]
7fff34fa0000-7fff34fa2000 r-xp 00000000 00:00 0                          [vdso]
ffffffffff600000-ffffffffff601000 r-xp 00000000 00:00 0                  [vsyscall]

VM Arguments:
jvm_args: -Dfile.encoding=UTF-8 -Xbootclasspath:/home/filip/android-sdks/platforms/android-17/android.jar 
java_command: sk.ayazi.glstnzastupovanie.Zastup
Launcher Type: SUN_STANDARD

Environment Variables:
PATH=/usr/local/sbin:/usr/local/bin:/usr/sbin:/usr/bin:/sbin:/bin:/usr/games:/usr/local/games
USERNAME=filip
SHELL=/bin/bash
DISPLAY=:0

Signal Handlers:
SIGSEGV: [libjvm.so+0x84f410], sa_mask[0]=0x7ffbfeff, sa_flags=0x10000004
SIGBUS: [libjvm.so+0x84f410], sa_mask[0]=0x7ffbfeff, sa_flags=0x10000004
SIGFPE: [libjvm.so+0x6f19a0], sa_mask[0]=0x7ffbfeff, sa_flags=0x10000004
SIGPIPE: [libjvm.so+0x6f19a0], sa_mask[0]=0x7ffbfeff, sa_flags=0x10000004
SIGXFSZ: [libjvm.so+0x6f19a0], sa_mask[0]=0x7ffbfeff, sa_flags=0x10000004
SIGILL: [libjvm.so+0x6f19a0], sa_mask[0]=0x7ffbfeff, sa_flags=0x10000004
SIGUSR1: SIG_DFL, sa_mask[0]=0x00000000, sa_flags=0x00000000
SIGUSR2: [libjvm.so+0x6f1d70], sa_mask[0]=0x00000004, sa_flags=0x10000004
SIGHUP: SIG_DFL, sa_mask[0]=0x00000000, sa_flags=0x00000000
SIGINT: SIG_DFL, sa_mask[0]=0x00000000, sa_flags=0x00000000
SIGTERM: SIG_DFL, sa_mask[0]=0x00000000, sa_flags=0x00000000
SIGQUIT: SIG_DFL, sa_mask[0]=0x00000000, sa_flags=0x00000000


---------------  S Y S T E M  ---------------

OS:LinuxMint 15 (olivia)
uname:Linux 3.8.0-26-generic #38-Ubuntu SMP Mon Jun 17 21:43:33 UTC 2013 x86_64
libc:glibc 2.17 NPTL 2.17 
rlimit: STACK 8192k, CORE 0k, NPROC 23922, NOFILE 4096, AS infinity
load average:1.42 1.47 1.46

/proc/meminfo:
MemTotal:        3081296 kB
MemFree:          134828 kB
Buffers:           22308 kB
Cached:           478132 kB
SwapCached:            0 kB
Active:          1869608 kB
Inactive:         751708 kB
Active(anon):    1637912 kB
Inactive(anon):   525528 kB
Active(file):     231696 kB
Inactive(file):   226180 kB
Unevictable:           0 kB
Mlocked:               0 kB
SwapTotal:        812024 kB
SwapFree:         811800 kB
Dirty:               576 kB
Writeback:             0 kB
AnonPages:       2121008 kB
Mapped:           243772 kB
Shmem:             42564 kB
Slab:              88784 kB
SReclaimable:      63732 kB
SUnreclaim:        25052 kB
KernelStack:        3856 kB
PageTables:        23944 kB
NFS_Unstable:          0 kB
Bounce:                0 kB
WritebackTmp:          0 kB
CommitLimit:     2352672 kB
Committed_AS:    4945828 kB
VmallocTotal:   34359738367 kB
VmallocUsed:       93852 kB
VmallocChunk:   34359637060 kB
HardwareCorrupted:     0 kB
AnonHugePages:         0 kB
HugePages_Total:       0
HugePages_Free:        0
HugePages_Rsvd:        0
HugePages_Surp:        0
Hugepagesize:       2048 kB
DirectMap4k:      136192 kB
DirectMap2M:     3008512 kB


CPU:total 2 (2 cores per cpu, 1 threads per core) family 17 model 3 stepping 1, cmov, cx8, fxsr, mmx, sse, sse2, sse3, mmxext, 3dnowpref, tsc, tscinvbit

/proc/cpuinfo:
processor	: 0
vendor_id	: AuthenticAMD
cpu family	: 17
model		: 3
model name	: AMD Turion(tm) X2 Ultra Dual-Core Mobile ZM-82
stepping	: 1
microcode	: 0x2000032
cpu MHz		: 2200.000
cache size	: 1024 KB
physical id	: 0
siblings	: 2
core id		: 0
cpu cores	: 2
apicid		: 0
initial apicid	: 0
fpu		: yes
fpu_exception	: yes
cpuid level	: 1
wp		: yes
flags		: fpu vme de pse tsc msr pae mce cx8 apic sep mtrr pge mca cmov pat pse36 clflush mmx fxsr sse sse2 ht syscall nx mmxext fxsr_opt rdtscp lm 3dnowext 3dnow constant_tsc rep_good nopl nonstop_tsc extd_apicid pni cx16 lahf_lm cmp_legacy svm extapic cr8_legacy 3dnowprefetch osvw skinit hw_pstate lbrv svm_lock nrip_save
bogomips	: 4400.41
TLB size	: 1024 4K pages
clflush size	: 64
cache_alignment	: 64
address sizes	: 40 bits physical, 48 bits virtual
power management: ts ttp tm stc 100mhzsteps hwpstate

processor	: 1
vendor_id	: AuthenticAMD
cpu family	: 17
model		: 3
model name	: AMD Turion(tm) X2 Ultra Dual-Core Mobile ZM-82
stepping	: 1
microcode	: 0x2000032
cpu MHz		: 2200.000
cache size	: 1024 KB
physical id	: 0
siblings	: 2
core id		: 1
cpu cores	: 2
apicid		: 1
initial apicid	: 1
fpu		: yes
fpu_exception	: yes
cpuid level	: 1
wp		: yes
flags		: fpu vme de pse tsc msr pae mce cx8 apic sep mtrr pge mca cmov pat pse36 clflush mmx fxsr sse sse2 ht syscall nx mmxext fxsr_opt rdtscp lm 3dnowext 3dnow constant_tsc rep_good nopl nonstop_tsc extd_apicid pni cx16 lahf_lm cmp_legacy svm extapic cr8_legacy 3dnowprefetch osvw skinit hw_pstate lbrv svm_lock nrip_save
bogomips	: 4400.41
TLB size	: 1024 4K pages
clflush size	: 64
cache_alignment	: 64
address sizes	: 40 bits physical, 48 bits virtual
power management: ts ttp tm stc 100mhzsteps hwpstate



Memory: 4k page, physical 3081296k(134828k free), swap 812024k(811800k free)

vm_info: OpenJDK 64-Bit Server VM (23.7-b01) for linux-amd64 JRE (1.7.0_25-b30), built on Jul  3 2013 13:50:39 by "buildd" with gcc 4.7.3

time: Wed Sep 25 18:13:30 2013
elapsed time: 0 seconds

