#
# A fatal error has been detected by the Java Runtime Environment:
#
#  Internal Error (javaClasses.cpp:129), pid=12708, tid=140123906987776
#  fatal error: Invalid layout of preloaded class
#
# JRE version: 7.0_09-b30
# Java VM: OpenJDK 64-Bit Server VM (23.2-b09 mixed mode linux-amd64 compressed oops)
# Failed to write core dump. Core dumps have been disabled. To enable core dumping, try "ulimit -c unlimited" before starting Java again
#
# If you would like to submit a bug report, please include
# instructions on how to reproduce the bug and visit:
#   https://bugs.launchpad.net/ubuntu/+source/openjdk-7/
#

---------------  T H R E A D  ---------------

Current thread (0x00007f711c009000):  JavaThread "Unknown thread" [_thread_in_vm, id=12710, stack(0x00007f7123a35000,0x00007f7123b36000)]

Stack: [0x00007f7123a35000,0x00007f7123b36000],  sp=0x00007f7123b349e0,  free space=1022k
Native frames: (J=compiled Java code, j=interpreted, Vv=VM code, C=native code)
V  [libjvm.so+0x856a0b]  VMError::report_and_die()+0x16b
V  [libjvm.so+0x3ee247]  report_fatal(char const*, int, char const*)+0x57
V  [libjvm.so+0x52abda]  compute_offset(int&, klassOopDesc*, Symbol*, Symbol*, bool) [clone .constprop.122]+0x11a
V  [libjvm.so+0x52ace6]  java_lang_String::compute_offsets()+0x36
V  [libjvm.so+0x7e358d]  SystemDictionary::initialize_preloaded_classes(Thread*)+0x3d
V  [libjvm.so+0x8304e8]  Universe::genesis(Thread*)+0x468
V  [libjvm.so+0x83099f]  universe2_init()+0x1f
V  [libjvm.so+0x4df4ba]  init_globals()+0x9a
V  [libjvm.so+0x813f0c]  Threads::create_vm(JavaVMInitArgs*, bool*)+0x39c
V  [libjvm.so+0x547868]  JNI_CreateJavaVM+0x58
C  [libjli.so+0x28f4]  __strcat_chk+0x28f4


---------------  P R O C E S S  ---------------

Java Threads: ( => current thread )

Other Threads:

=>0x00007f711c009000 (exited) JavaThread "Unknown thread" [_thread_in_vm, id=12710, stack(0x00007f7123a35000,0x00007f7123b36000)]

VM state:not at safepoint (not fully initialized)

VM Mutex/Monitor currently owned by a thread: None

GC Heap History (0 events):
No events

Deoptimization events (0 events):
No events

Internal exceptions (0 events):
No events

Events (10 events):
Event: 0.019 loading class 0x00007f711c0271f0 done
Event: 0.019 loading class 0x00007f711c026a90 done
Event: 0.019 loading class 0x00007f711c026a60
Event: 0.019 loading class 0x00007f711c051c10
Event: 0.019 loading class 0x00007f711c051c10 done
Event: 0.019 loading class 0x00007f711c051c50
Event: 0.019 loading class 0x00007f711c051c50 done
Event: 0.019 loading class 0x00007f711c051c90
Event: 0.019 loading class 0x00007f711c051c90 done
Event: 0.020 loading class 0x00007f711c026a60 done


Dynamic libraries:
00400000-00401000 r-xp 00000000 08:07 275456                             /usr/lib/jvm/java-7-openjdk-amd64/jre/bin/java
00600000-00601000 r--p 00000000 08:07 275456                             /usr/lib/jvm/java-7-openjdk-amd64/jre/bin/java
00601000-00602000 rw-p 00001000 08:07 275456                             /usr/lib/jvm/java-7-openjdk-amd64/jre/bin/java
00842000-00863000 rw-p 00000000 00:00 0                                  [heap]
c6800000-c7cc0000 rw-p 00000000 00:00 0 
c7cc0000-d0e00000 rw-p 00000000 00:00 0 
d0e00000-d2d60000 rw-p 00000000 00:00 0 
d2d60000-f04b0000 rw-p 00000000 00:00 0 
f04b0000-f1460000 rw-p 00000000 00:00 0 
f1460000-100000000 rw-p 00000000 00:00 0 
7f7108000000-7f7108021000 rw-p 00000000 00:00 0 
7f7108021000-7f710c000000 ---p 00000000 00:00 0 
7f7110000000-7f7110021000 rw-p 00000000 00:00 0 
7f7110021000-7f7114000000 ---p 00000000 00:00 0 
7f7116acc000-7f7119000000 rw-p 00000000 00:00 0 
7f7119000000-7f7119270000 rwxp 00000000 00:00 0 
7f7119270000-7f711c05c000 rw-p 00000000 00:00 0 
7f711c05c000-7f7120000000 ---p 00000000 00:00 0 
7f71200ad000-7f71201ab000 rw-p 00000000 00:00 0 
7f71201ab000-7f7120270000 r--s 0115c000 08:07 585137                     /home/filip/android-sdks/platforms/android-17/android.jar
7f7120270000-7f7120271000 ---p 00000000 00:00 0 
7f7120271000-7f7120371000 rw-p 00000000 00:00 0                          [stack:12715]
7f7120371000-7f7120372000 ---p 00000000 00:00 0 
7f7120372000-7f712047d000 rw-p 00000000 00:00 0                          [stack:12714]
7f712047d000-7f71204c5000 rw-p 00000000 00:00 0 
7f71204c5000-7f71204d5000 rw-p 00000000 00:00 0 
7f71204d5000-7f71205c1000 rw-p 00000000 00:00 0 
7f71205c1000-7f71205cc000 rw-p 00000000 00:00 0 
7f71205cc000-7f7120614000 rw-p 00000000 00:00 0 
7f7120614000-7f7120624000 rw-p 00000000 00:00 0 
7f7120624000-7f712070f000 rw-p 00000000 00:00 0 
7f712070f000-7f7120718000 rw-p 00000000 00:00 0 
7f7120718000-7f712078d000 rw-p 00000000 00:00 0 
7f712078d000-7f712078e000 rw-p 00000000 00:00 0 
7f712078e000-7f7120796000 r-xp 00000000 08:07 275455                     /usr/lib/jvm/java-7-openjdk-amd64/jre/lib/amd64/libzip.so
7f7120796000-7f7120995000 ---p 00008000 08:07 275455                     /usr/lib/jvm/java-7-openjdk-amd64/jre/lib/amd64/libzip.so
7f7120995000-7f7120996000 r--p 00007000 08:07 275455                     /usr/lib/jvm/java-7-openjdk-amd64/jre/lib/amd64/libzip.so
7f7120996000-7f7120997000 rw-p 00008000 08:07 275455                     /usr/lib/jvm/java-7-openjdk-amd64/jre/lib/amd64/libzip.so
7f7120997000-7f71209a3000 r-xp 00000000 08:07 921818                     /lib/x86_64-linux-gnu/libnss_files-2.15.so
7f71209a3000-7f7120ba2000 ---p 0000c000 08:07 921818                     /lib/x86_64-linux-gnu/libnss_files-2.15.so
7f7120ba2000-7f7120ba3000 r--p 0000b000 08:07 921818                     /lib/x86_64-linux-gnu/libnss_files-2.15.so
7f7120ba3000-7f7120ba4000 rw-p 0000c000 08:07 921818                     /lib/x86_64-linux-gnu/libnss_files-2.15.so
7f7120ba4000-7f7120bae000 r-xp 00000000 08:07 921822                     /lib/x86_64-linux-gnu/libnss_nis-2.15.so
7f7120bae000-7f7120dae000 ---p 0000a000 08:07 921822                     /lib/x86_64-linux-gnu/libnss_nis-2.15.so
7f7120dae000-7f7120daf000 r--p 0000a000 08:07 921822                     /lib/x86_64-linux-gnu/libnss_nis-2.15.so
7f7120daf000-7f7120db0000 rw-p 0000b000 08:07 921822                     /lib/x86_64-linux-gnu/libnss_nis-2.15.so
7f7120db0000-7f7120dc7000 r-xp 00000000 08:07 921812                     /lib/x86_64-linux-gnu/libnsl-2.15.so
7f7120dc7000-7f7120fc6000 ---p 00017000 08:07 921812                     /lib/x86_64-linux-gnu/libnsl-2.15.so
7f7120fc6000-7f7120fc7000 r--p 00016000 08:07 921812                     /lib/x86_64-linux-gnu/libnsl-2.15.so
7f7120fc7000-7f7120fc8000 rw-p 00017000 08:07 921812                     /lib/x86_64-linux-gnu/libnsl-2.15.so
7f7120fc8000-7f7120fca000 rw-p 00000000 00:00 0 
7f7120fca000-7f7120fd2000 r-xp 00000000 08:07 921814                     /lib/x86_64-linux-gnu/libnss_compat-2.15.so
7f7120fd2000-7f71211d1000 ---p 00008000 08:07 921814                     /lib/x86_64-linux-gnu/libnss_compat-2.15.so
7f71211d1000-7f71211d2000 r--p 00007000 08:07 921814                     /lib/x86_64-linux-gnu/libnss_compat-2.15.so
7f71211d2000-7f71211d3000 rw-p 00008000 08:07 921814                     /lib/x86_64-linux-gnu/libnss_compat-2.15.so
7f71211d3000-7f71211fe000 r-xp 00000000 08:07 275440                     /usr/lib/jvm/java-7-openjdk-amd64/jre/lib/amd64/libjava.so
7f71211fe000-7f71213fd000 ---p 0002b000 08:07 275440                     /usr/lib/jvm/java-7-openjdk-amd64/jre/lib/amd64/libjava.so
7f71213fd000-7f71213fe000 r--p 0002a000 08:07 275440                     /usr/lib/jvm/java-7-openjdk-amd64/jre/lib/amd64/libjava.so
7f71213fe000-7f7121400000 rw-p 0002b000 08:07 275440                     /usr/lib/jvm/java-7-openjdk-amd64/jre/lib/amd64/libjava.so
7f7121400000-7f712140f000 r-xp 00000000 08:07 275439                     /usr/lib/jvm/java-7-openjdk-amd64/jre/lib/amd64/libverify.so
7f712140f000-7f712160e000 ---p 0000f000 08:07 275439                     /usr/lib/jvm/java-7-openjdk-amd64/jre/lib/amd64/libverify.so
7f712160e000-7f7121610000 r--p 0000e000 08:07 275439                     /usr/lib/jvm/java-7-openjdk-amd64/jre/lib/amd64/libverify.so
7f7121610000-7f7121611000 rw-p 00010000 08:07 275439                     /usr/lib/jvm/java-7-openjdk-amd64/jre/lib/amd64/libverify.so
7f7121611000-7f7121618000 r-xp 00000000 08:07 921857                     /lib/x86_64-linux-gnu/librt-2.15.so
7f7121618000-7f7121817000 ---p 00007000 08:07 921857                     /lib/x86_64-linux-gnu/librt-2.15.so
7f7121817000-7f7121818000 r--p 00006000 08:07 921857                     /lib/x86_64-linux-gnu/librt-2.15.so
7f7121818000-7f7121819000 rw-p 00007000 08:07 921857                     /lib/x86_64-linux-gnu/librt-2.15.so
7f7121819000-7f712182e000 r-xp 00000000 08:07 921778                     /lib/x86_64-linux-gnu/libgcc_s.so.1
7f712182e000-7f7121a2d000 ---p 00015000 08:07 921778                     /lib/x86_64-linux-gnu/libgcc_s.so.1
7f7121a2d000-7f7121a2e000 r--p 00014000 08:07 921778                     /lib/x86_64-linux-gnu/libgcc_s.so.1
7f7121a2e000-7f7121a2f000 rw-p 00015000 08:07 921778                     /lib/x86_64-linux-gnu/libgcc_s.so.1
7f7121a2f000-7f7121b2a000 r-xp 00000000 08:07 921795                     /lib/x86_64-linux-gnu/libm-2.15.so
7f7121b2a000-7f7121d29000 ---p 000fb000 08:07 921795                     /lib/x86_64-linux-gnu/libm-2.15.so
7f7121d29000-7f7121d2a000 r--p 000fa000 08:07 921795                     /lib/x86_64-linux-gnu/libm-2.15.so
7f7121d2a000-7f7121d2b000 rw-p 000fb000 08:07 921795                     /lib/x86_64-linux-gnu/libm-2.15.so
7f7121d2b000-7f7121e10000 r-xp 00000000 08:07 272737                     /usr/lib/x86_64-linux-gnu/libstdc++.so.6.0.17
7f7121e10000-7f712200f000 ---p 000e5000 08:07 272737                     /usr/lib/x86_64-linux-gnu/libstdc++.so.6.0.17
7f712200f000-7f7122017000 r--p 000e4000 08:07 272737                     /usr/lib/x86_64-linux-gnu/libstdc++.so.6.0.17
7f7122017000-7f7122019000 rw-p 000ec000 08:07 272737                     /usr/lib/x86_64-linux-gnu/libstdc++.so.6.0.17
7f7122019000-7f712202e000 rw-p 00000000 00:00 0 
7f712202e000-7f7122a29000 r-xp 00000000 08:07 275444                     /usr/lib/jvm/java-7-openjdk-amd64/jre/lib/amd64/server/libjvm.so
7f7122a29000-7f7122c28000 ---p 009fb000 08:07 275444                     /usr/lib/jvm/java-7-openjdk-amd64/jre/lib/amd64/server/libjvm.so
7f7122c28000-7f7122ca7000 r--p 009fa000 08:07 275444                     /usr/lib/jvm/java-7-openjdk-amd64/jre/lib/amd64/server/libjvm.so
7f7122ca7000-7f7122cca000 rw-p 00a79000 08:07 275444                     /usr/lib/jvm/java-7-openjdk-amd64/jre/lib/amd64/server/libjvm.so
7f7122cca000-7f7122cf5000 rw-p 00000000 00:00 0 
7f7122cf5000-7f7122d0b000 r-xp 00000000 08:07 921887                     /lib/x86_64-linux-gnu/libz.so.1.2.7
7f7122d0b000-7f7122f0a000 ---p 00016000 08:07 921887                     /lib/x86_64-linux-gnu/libz.so.1.2.7
7f7122f0a000-7f7122f0b000 r--p 00015000 08:07 921887                     /lib/x86_64-linux-gnu/libz.so.1.2.7
7f7122f0b000-7f7122f0c000 rw-p 00016000 08:07 921887                     /lib/x86_64-linux-gnu/libz.so.1.2.7
7f7122f0c000-7f7122f24000 r-xp 00000000 08:07 921849                     /lib/x86_64-linux-gnu/libpthread-2.15.so
7f7122f24000-7f7123123000 ---p 00018000 08:07 921849                     /lib/x86_64-linux-gnu/libpthread-2.15.so
7f7123123000-7f7123124000 r--p 00017000 08:07 921849                     /lib/x86_64-linux-gnu/libpthread-2.15.so
7f7123124000-7f7123125000 rw-p 00018000 08:07 921849                     /lib/x86_64-linux-gnu/libpthread-2.15.so
7f7123125000-7f7123129000 rw-p 00000000 00:00 0 
7f7123129000-7f712312b000 r-xp 00000000 08:07 921768                     /lib/x86_64-linux-gnu/libdl-2.15.so
7f712312b000-7f712332b000 ---p 00002000 08:07 921768                     /lib/x86_64-linux-gnu/libdl-2.15.so
7f712332b000-7f712332c000 r--p 00002000 08:07 921768                     /lib/x86_64-linux-gnu/libdl-2.15.so
7f712332c000-7f712332d000 rw-p 00003000 08:07 921768                     /lib/x86_64-linux-gnu/libdl-2.15.so
7f712332d000-7f71234e2000 r-xp 00000000 08:07 921753                     /lib/x86_64-linux-gnu/libc-2.15.so
7f71234e2000-7f71236e1000 ---p 001b5000 08:07 921753                     /lib/x86_64-linux-gnu/libc-2.15.so
7f71236e1000-7f71236e5000 r--p 001b4000 08:07 921753                     /lib/x86_64-linux-gnu/libc-2.15.so
7f71236e5000-7f71236e7000 rw-p 001b8000 08:07 921753                     /lib/x86_64-linux-gnu/libc-2.15.so
7f71236e7000-7f71236ec000 rw-p 00000000 00:00 0 
7f712370d000-7f712371a000 r-xp 00000000 08:07 275423                     /usr/lib/jvm/java-7-openjdk-amd64/jre/lib/amd64/jli/libjli.so
7f712371a000-7f7123919000 ---p 0000d000 08:07 275423                     /usr/lib/jvm/java-7-openjdk-amd64/jre/lib/amd64/jli/libjli.so
7f7123919000-7f712391a000 r--p 0000c000 08:07 275423                     /usr/lib/jvm/java-7-openjdk-amd64/jre/lib/amd64/jli/libjli.so
7f712391a000-7f712391b000 rw-p 0000d000 08:07 275423                     /usr/lib/jvm/java-7-openjdk-amd64/jre/lib/amd64/jli/libjli.so
7f712391b000-7f712393d000 r-xp 00000000 08:07 921731                     /lib/x86_64-linux-gnu/ld-2.15.so
7f7123942000-7f7123975000 rw-p 00000000 00:00 0 
7f7123975000-7f7123a2b000 rw-p 00000000 00:00 0 
7f7123a2b000-7f7123a33000 rw-s 00000000 08:07 572440                     /tmp/hsperfdata_filip/12708
7f7123a33000-7f7123a34000 rw-p 00000000 00:00 0 
7f7123a34000-7f7123a35000 r--p 00000000 00:00 0 
7f7123a35000-7f7123a38000 ---p 00000000 00:00 0 
7f7123a38000-7f7123b3d000 rw-p 00000000 00:00 0                          [stack:12710]
7f7123b3d000-7f7123b3e000 r--p 00022000 08:07 921731                     /lib/x86_64-linux-gnu/ld-2.15.so
7f7123b3e000-7f7123b40000 rw-p 00023000 08:07 921731                     /lib/x86_64-linux-gnu/ld-2.15.so
7fffaa40a000-7fffaa42b000 rw-p 00000000 00:00 0                          [stack]
7fffaa587000-7fffaa588000 r-xp 00000000 00:00 0                          [vdso]
ffffffffff600000-ffffffffff601000 r-xp 00000000 00:00 0                  [vsyscall]

VM Arguments:
jvm_args: -Dfile.encoding=UTF-8 -Xbootclasspath:/home/filip/android-sdks/platforms/android-17/android.jar 
java_command: sk.ayazi.glstnzastupovanie.Zastup
Launcher Type: SUN_STANDARD

Environment Variables:
PATH=/usr/local/sbin:/usr/local/bin:/usr/sbin:/usr/bin:/sbin:/bin:/usr/games:/usr/local/games
USERNAME=filip
SHELL=/bin/bash
DISPLAY=:0

Signal Handlers:
SIGSEGV: [libjvm.so+0x8574f0], sa_mask[0]=0x7ffbfeff, sa_flags=0x10000004
SIGBUS: [libjvm.so+0x8574f0], sa_mask[0]=0x7ffbfeff, sa_flags=0x10000004
SIGFPE: [libjvm.so+0x6f81f0], sa_mask[0]=0x7ffbfeff, sa_flags=0x10000004
SIGPIPE: [libjvm.so+0x6f81f0], sa_mask[0]=0x7ffbfeff, sa_flags=0x10000004
SIGXFSZ: [libjvm.so+0x6f81f0], sa_mask[0]=0x7ffbfeff, sa_flags=0x10000004
SIGILL: [libjvm.so+0x6f81f0], sa_mask[0]=0x7ffbfeff, sa_flags=0x10000004
SIGUSR1: SIG_DFL, sa_mask[0]=0x00000000, sa_flags=0x00000000
SIGUSR2: [libjvm.so+0x6f8440], sa_mask[0]=0x00000004, sa_flags=0x10000004
SIGHUP: SIG_DFL, sa_mask[0]=0x00000000, sa_flags=0x00000000
SIGINT: SIG_DFL, sa_mask[0]=0x00000000, sa_flags=0x00000000
SIGTERM: SIG_DFL, sa_mask[0]=0x00000000, sa_flags=0x00000000
SIGQUIT: SIG_DFL, sa_mask[0]=0x00000000, sa_flags=0x00000000


---------------  S Y S T E M  ---------------

OS:LinuxMint 14 (nadia)
uname:Linux 3.5.0-21-generic #32-Ubuntu SMP Tue Dec 11 18:51:59 UTC 2012 x86_64
libc:glibc 2.15 NPTL 2.15 
rlimit: STACK 8192k, CORE 0k, NPROC 23930, NOFILE 4096, AS infinity
load average:1.20 1.21 1.34

/proc/meminfo:
MemTotal:        3081516 kB
MemFree:          316220 kB
Buffers:           22708 kB
Cached:           247444 kB
SwapCached:         6864 kB
Active:          1899564 kB
Inactive:         604304 kB
Active(anon):    1763944 kB
Inactive(anon):   481244 kB
Active(file):     135620 kB
Inactive(file):   123060 kB
Unevictable:           0 kB
Mlocked:               0 kB
SwapTotal:        812028 kB
SwapFree:         783344 kB
Dirty:              1104 kB
Writeback:             0 kB
AnonPages:       2227060 kB
Mapped:           152352 kB
Shmem:             11468 kB
Slab:              60032 kB
SReclaimable:      37832 kB
SUnreclaim:        22200 kB
KernelStack:        3520 kB
PageTables:        23376 kB
NFS_Unstable:          0 kB
Bounce:                0 kB
WritebackTmp:          0 kB
CommitLimit:     2352784 kB
Committed_AS:    4684688 kB
VmallocTotal:   34359738367 kB
VmallocUsed:      104124 kB
VmallocChunk:   34359630375 kB
HardwareCorrupted:     0 kB
AnonHugePages:         0 kB
HugePages_Total:       0
HugePages_Free:        0
HugePages_Rsvd:        0
HugePages_Surp:        0
Hugepagesize:       2048 kB
DirectMap4k:      248832 kB
DirectMap2M:     2895872 kB


CPU:total 2 (2 cores per cpu, 1 threads per core) family 17 model 3 stepping 1, cmov, cx8, fxsr, mmx, sse, sse2, sse3, mmxext, 3dnowpref, tsc, tscinvbit

/proc/cpuinfo:
processor	: 0
vendor_id	: AuthenticAMD
cpu family	: 17
model		: 3
model name	: AMD Turion(tm) X2 Ultra Dual-Core Mobile ZM-82
stepping	: 1
microcode	: 0x2000032
cpu MHz		: 2200.000
cache size	: 1024 KB
physical id	: 0
siblings	: 2
core id		: 0
cpu cores	: 2
apicid		: 0
initial apicid	: 0
fpu		: yes
fpu_exception	: yes
cpuid level	: 1
wp		: yes
flags		: fpu vme de pse tsc msr pae mce cx8 apic sep mtrr pge mca cmov pat pse36 clflush mmx fxsr sse sse2 ht syscall nx mmxext fxsr_opt rdtscp lm 3dnowext 3dnow constant_tsc rep_good nopl nonstop_tsc extd_apicid pni cx16 lahf_lm cmp_legacy svm extapic cr8_legacy 3dnowprefetch osvw skinit hw_pstate lbrv svm_lock nrip_save
bogomips	: 4399.75
TLB size	: 1024 4K pages
clflush size	: 64
cache_alignment	: 64
address sizes	: 40 bits physical, 48 bits virtual
power management: ts ttp tm stc 100mhzsteps hwpstate

processor	: 1
vendor_id	: AuthenticAMD
cpu family	: 17
model		: 3
model name	: AMD Turion(tm) X2 Ultra Dual-Core Mobile ZM-82
stepping	: 1
microcode	: 0x2000032
cpu MHz		: 2200.000
cache size	: 1024 KB
physical id	: 0
siblings	: 2
core id		: 1
cpu cores	: 2
apicid		: 1
initial apicid	: 1
fpu		: yes
fpu_exception	: yes
cpuid level	: 1
wp		: yes
flags		: fpu vme de pse tsc msr pae mce cx8 apic sep mtrr pge mca cmov pat pse36 clflush mmx fxsr sse sse2 ht syscall nx mmxext fxsr_opt rdtscp lm 3dnowext 3dnow constant_tsc rep_good nopl nonstop_tsc extd_apicid pni cx16 lahf_lm cmp_legacy svm extapic cr8_legacy 3dnowprefetch osvw skinit hw_pstate lbrv svm_lock nrip_save
bogomips	: 4399.75
TLB size	: 1024 4K pages
clflush size	: 64
cache_alignment	: 64
address sizes	: 40 bits physical, 48 bits virtual
power management: ts ttp tm stc 100mhzsteps hwpstate



Memory: 4k page, physical 3081516k(316220k free), swap 812028k(783344k free)

vm_info: OpenJDK 64-Bit Server VM (23.2-b09) for linux-amd64 JRE (1.7.0_09-b30), built on Jan 16 2013 03:28:09 by "buildd" with gcc 4.7.2

time: Wed Feb 20 13:34:14 2013
elapsed time: 0 seconds

