#
# A fatal error has been detected by the Java Runtime Environment:
#
#  Internal Error (javaClasses.cpp:129), pid=27012, tid=140634157205248
#  fatal error: Invalid layout of preloaded class
#
# JRE version: 7.0_09-b30
# Java VM: OpenJDK 64-Bit Server VM (23.2-b09 mixed mode linux-amd64 compressed oops)
# Failed to write core dump. Core dumps have been disabled. To enable core dumping, try "ulimit -c unlimited" before starting Java again
#
# If you would like to submit a bug report, please include
# instructions on how to reproduce the bug and visit:
#   https://bugs.launchpad.net/ubuntu/+source/openjdk-7/
#

---------------  T H R E A D  ---------------

Current thread (0x00007fe7e8009000):  JavaThread "Unknown thread" [_thread_in_vm, id=27018, stack(0x00007fe7f0ebc000,0x00007fe7f0fbd000)]

Stack: [0x00007fe7f0ebc000,0x00007fe7f0fbd000],  sp=0x00007fe7f0fbb9e0,  free space=1022k
Native frames: (J=compiled Java code, j=interpreted, Vv=VM code, C=native code)
V  [libjvm.so+0x856a0b]  VMError::report_and_die()+0x16b
V  [libjvm.so+0x3ee247]  report_fatal(char const*, int, char const*)+0x57
V  [libjvm.so+0x52abda]  compute_offset(int&, klassOopDesc*, Symbol*, Symbol*, bool) [clone .constprop.122]+0x11a
V  [libjvm.so+0x52ace6]  java_lang_String::compute_offsets()+0x36
V  [libjvm.so+0x7e358d]  SystemDictionary::initialize_preloaded_classes(Thread*)+0x3d
V  [libjvm.so+0x8304e8]  Universe::genesis(Thread*)+0x468
V  [libjvm.so+0x83099f]  universe2_init()+0x1f
V  [libjvm.so+0x4df4ba]  init_globals()+0x9a
V  [libjvm.so+0x813f0c]  Threads::create_vm(JavaVMInitArgs*, bool*)+0x39c
V  [libjvm.so+0x547868]  JNI_CreateJavaVM+0x58
C  [libjli.so+0x28f4]  __strcat_chk+0x28f4


---------------  P R O C E S S  ---------------

Java Threads: ( => current thread )

Other Threads:

=>0x00007fe7e8009000 (exited) JavaThread "Unknown thread" [_thread_in_vm, id=27018, stack(0x00007fe7f0ebc000,0x00007fe7f0fbd000)]

VM state:not at safepoint (not fully initialized)

VM Mutex/Monitor currently owned by a thread: None

GC Heap History (0 events):
No events

Deoptimization events (0 events):
No events

Internal exceptions (0 events):
No events

Events (10 events):
Event: 0.077 loading class 0x00007fe7e80271f0 done
Event: 0.077 loading class 0x00007fe7e8026a90 done
Event: 0.077 loading class 0x00007fe7e8026a60
Event: 0.078 loading class 0x00007fe7e8051c10
Event: 0.078 loading class 0x00007fe7e8051c10 done
Event: 0.078 loading class 0x00007fe7e8051c50
Event: 0.078 loading class 0x00007fe7e8051c50 done
Event: 0.078 loading class 0x00007fe7e8051c90
Event: 0.078 loading class 0x00007fe7e8051c90 done
Event: 0.078 loading class 0x00007fe7e8026a60 done


Dynamic libraries:
00400000-00401000 r-xp 00000000 08:07 275456                             /usr/lib/jvm/java-7-openjdk-amd64/jre/bin/java
00600000-00601000 r--p 00000000 08:07 275456                             /usr/lib/jvm/java-7-openjdk-amd64/jre/bin/java
00601000-00602000 rw-p 00001000 08:07 275456                             /usr/lib/jvm/java-7-openjdk-amd64/jre/bin/java
022a8000-022c9000 rw-p 00000000 00:00 0                                  [heap]
c6800000-c7cc0000 rw-p 00000000 00:00 0 
c7cc0000-d0e00000 rw-p 00000000 00:00 0 
d0e00000-d2d60000 rw-p 00000000 00:00 0 
d2d60000-f04b0000 rw-p 00000000 00:00 0 
f04b0000-f1460000 rw-p 00000000 00:00 0 
f1460000-100000000 rw-p 00000000 00:00 0 
7fe7d4000000-7fe7d4021000 rw-p 00000000 00:00 0 
7fe7d4021000-7fe7d8000000 ---p 00000000 00:00 0 
7fe7dc000000-7fe7dc021000 rw-p 00000000 00:00 0 
7fe7dc021000-7fe7e0000000 ---p 00000000 00:00 0 
7fe7e3340000-7fe7e5000000 rw-p 00000000 00:00 0 
7fe7e5000000-7fe7e5270000 rwxp 00000000 00:00 0 
7fe7e5270000-7fe7e805c000 rw-p 00000000 00:00 0 
7fe7e805c000-7fe7ec000000 ---p 00000000 00:00 0 
7fe7eccbf000-7fe7ecf02000 rw-p 00000000 00:00 0 
7fe7ecf02000-7fe7ecfc7000 r--s 0115c000 08:07 585137                     /home/filip/android-sdks/platforms/android-17/android.jar
7fe7ecfc7000-7fe7ed6f7000 rw-p 00000000 00:00 0 
7fe7ed6f7000-7fe7ed6f8000 ---p 00000000 00:00 0 
7fe7ed6f8000-7fe7ed7f8000 rw-p 00000000 00:00 0                          [stack:27020]
7fe7ed7f8000-7fe7ed7f9000 ---p 00000000 00:00 0 
7fe7ed7f9000-7fe7ed904000 rw-p 00000000 00:00 0                          [stack:27019]
7fe7ed904000-7fe7ed94c000 rw-p 00000000 00:00 0 
7fe7ed94c000-7fe7ed95c000 rw-p 00000000 00:00 0 
7fe7ed95c000-7fe7eda48000 rw-p 00000000 00:00 0 
7fe7eda48000-7fe7eda53000 rw-p 00000000 00:00 0 
7fe7eda53000-7fe7eda9b000 rw-p 00000000 00:00 0 
7fe7eda9b000-7fe7edaab000 rw-p 00000000 00:00 0 
7fe7edaab000-7fe7edb96000 rw-p 00000000 00:00 0 
7fe7edb96000-7fe7edb9f000 rw-p 00000000 00:00 0 
7fe7edb9f000-7fe7edc14000 rw-p 00000000 00:00 0 
7fe7edc14000-7fe7edc15000 rw-p 00000000 00:00 0 
7fe7edc15000-7fe7edc1d000 r-xp 00000000 08:07 275455                     /usr/lib/jvm/java-7-openjdk-amd64/jre/lib/amd64/libzip.so
7fe7edc1d000-7fe7ede1c000 ---p 00008000 08:07 275455                     /usr/lib/jvm/java-7-openjdk-amd64/jre/lib/amd64/libzip.so
7fe7ede1c000-7fe7ede1d000 r--p 00007000 08:07 275455                     /usr/lib/jvm/java-7-openjdk-amd64/jre/lib/amd64/libzip.so
7fe7ede1d000-7fe7ede1e000 rw-p 00008000 08:07 275455                     /usr/lib/jvm/java-7-openjdk-amd64/jre/lib/amd64/libzip.so
7fe7ede1e000-7fe7ede2a000 r-xp 00000000 08:07 921818                     /lib/x86_64-linux-gnu/libnss_files-2.15.so
7fe7ede2a000-7fe7ee029000 ---p 0000c000 08:07 921818                     /lib/x86_64-linux-gnu/libnss_files-2.15.so
7fe7ee029000-7fe7ee02a000 r--p 0000b000 08:07 921818                     /lib/x86_64-linux-gnu/libnss_files-2.15.so
7fe7ee02a000-7fe7ee02b000 rw-p 0000c000 08:07 921818                     /lib/x86_64-linux-gnu/libnss_files-2.15.so
7fe7ee02b000-7fe7ee035000 r-xp 00000000 08:07 921822                     /lib/x86_64-linux-gnu/libnss_nis-2.15.so
7fe7ee035000-7fe7ee235000 ---p 0000a000 08:07 921822                     /lib/x86_64-linux-gnu/libnss_nis-2.15.so
7fe7ee235000-7fe7ee236000 r--p 0000a000 08:07 921822                     /lib/x86_64-linux-gnu/libnss_nis-2.15.so
7fe7ee236000-7fe7ee237000 rw-p 0000b000 08:07 921822                     /lib/x86_64-linux-gnu/libnss_nis-2.15.so
7fe7ee237000-7fe7ee24e000 r-xp 00000000 08:07 921812                     /lib/x86_64-linux-gnu/libnsl-2.15.so
7fe7ee24e000-7fe7ee44d000 ---p 00017000 08:07 921812                     /lib/x86_64-linux-gnu/libnsl-2.15.so
7fe7ee44d000-7fe7ee44e000 r--p 00016000 08:07 921812                     /lib/x86_64-linux-gnu/libnsl-2.15.so
7fe7ee44e000-7fe7ee44f000 rw-p 00017000 08:07 921812                     /lib/x86_64-linux-gnu/libnsl-2.15.so
7fe7ee44f000-7fe7ee451000 rw-p 00000000 00:00 0 
7fe7ee451000-7fe7ee459000 r-xp 00000000 08:07 921814                     /lib/x86_64-linux-gnu/libnss_compat-2.15.so
7fe7ee459000-7fe7ee658000 ---p 00008000 08:07 921814                     /lib/x86_64-linux-gnu/libnss_compat-2.15.so
7fe7ee658000-7fe7ee659000 r--p 00007000 08:07 921814                     /lib/x86_64-linux-gnu/libnss_compat-2.15.so
7fe7ee659000-7fe7ee65a000 rw-p 00008000 08:07 921814                     /lib/x86_64-linux-gnu/libnss_compat-2.15.so
7fe7ee65a000-7fe7ee685000 r-xp 00000000 08:07 275440                     /usr/lib/jvm/java-7-openjdk-amd64/jre/lib/amd64/libjava.so
7fe7ee685000-7fe7ee884000 ---p 0002b000 08:07 275440                     /usr/lib/jvm/java-7-openjdk-amd64/jre/lib/amd64/libjava.so
7fe7ee884000-7fe7ee885000 r--p 0002a000 08:07 275440                     /usr/lib/jvm/java-7-openjdk-amd64/jre/lib/amd64/libjava.so
7fe7ee885000-7fe7ee887000 rw-p 0002b000 08:07 275440                     /usr/lib/jvm/java-7-openjdk-amd64/jre/lib/amd64/libjava.so
7fe7ee887000-7fe7ee896000 r-xp 00000000 08:07 275439                     /usr/lib/jvm/java-7-openjdk-amd64/jre/lib/amd64/libverify.so
7fe7ee896000-7fe7eea95000 ---p 0000f000 08:07 275439                     /usr/lib/jvm/java-7-openjdk-amd64/jre/lib/amd64/libverify.so
7fe7eea95000-7fe7eea97000 r--p 0000e000 08:07 275439                     /usr/lib/jvm/java-7-openjdk-amd64/jre/lib/amd64/libverify.so
7fe7eea97000-7fe7eea98000 rw-p 00010000 08:07 275439                     /usr/lib/jvm/java-7-openjdk-amd64/jre/lib/amd64/libverify.so
7fe7eea98000-7fe7eea9f000 r-xp 00000000 08:07 921857                     /lib/x86_64-linux-gnu/librt-2.15.so
7fe7eea9f000-7fe7eec9e000 ---p 00007000 08:07 921857                     /lib/x86_64-linux-gnu/librt-2.15.so
7fe7eec9e000-7fe7eec9f000 r--p 00006000 08:07 921857                     /lib/x86_64-linux-gnu/librt-2.15.so
7fe7eec9f000-7fe7eeca0000 rw-p 00007000 08:07 921857                     /lib/x86_64-linux-gnu/librt-2.15.so
7fe7eeca0000-7fe7eecb5000 r-xp 00000000 08:07 921778                     /lib/x86_64-linux-gnu/libgcc_s.so.1
7fe7eecb5000-7fe7eeeb4000 ---p 00015000 08:07 921778                     /lib/x86_64-linux-gnu/libgcc_s.so.1
7fe7eeeb4000-7fe7eeeb5000 r--p 00014000 08:07 921778                     /lib/x86_64-linux-gnu/libgcc_s.so.1
7fe7eeeb5000-7fe7eeeb6000 rw-p 00015000 08:07 921778                     /lib/x86_64-linux-gnu/libgcc_s.so.1
7fe7eeeb6000-7fe7eefb1000 r-xp 00000000 08:07 921795                     /lib/x86_64-linux-gnu/libm-2.15.so
7fe7eefb1000-7fe7ef1b0000 ---p 000fb000 08:07 921795                     /lib/x86_64-linux-gnu/libm-2.15.so
7fe7ef1b0000-7fe7ef1b1000 r--p 000fa000 08:07 921795                     /lib/x86_64-linux-gnu/libm-2.15.so
7fe7ef1b1000-7fe7ef1b2000 rw-p 000fb000 08:07 921795                     /lib/x86_64-linux-gnu/libm-2.15.so
7fe7ef1b2000-7fe7ef297000 r-xp 00000000 08:07 272737                     /usr/lib/x86_64-linux-gnu/libstdc++.so.6.0.17
7fe7ef297000-7fe7ef496000 ---p 000e5000 08:07 272737                     /usr/lib/x86_64-linux-gnu/libstdc++.so.6.0.17
7fe7ef496000-7fe7ef49e000 r--p 000e4000 08:07 272737                     /usr/lib/x86_64-linux-gnu/libstdc++.so.6.0.17
7fe7ef49e000-7fe7ef4a0000 rw-p 000ec000 08:07 272737                     /usr/lib/x86_64-linux-gnu/libstdc++.so.6.0.17
7fe7ef4a0000-7fe7ef4b5000 rw-p 00000000 00:00 0 
7fe7ef4b5000-7fe7efeb0000 r-xp 00000000 08:07 275444                     /usr/lib/jvm/java-7-openjdk-amd64/jre/lib/amd64/server/libjvm.so
7fe7efeb0000-7fe7f00af000 ---p 009fb000 08:07 275444                     /usr/lib/jvm/java-7-openjdk-amd64/jre/lib/amd64/server/libjvm.so
7fe7f00af000-7fe7f012e000 r--p 009fa000 08:07 275444                     /usr/lib/jvm/java-7-openjdk-amd64/jre/lib/amd64/server/libjvm.so
7fe7f012e000-7fe7f0151000 rw-p 00a79000 08:07 275444                     /usr/lib/jvm/java-7-openjdk-amd64/jre/lib/amd64/server/libjvm.so
7fe7f0151000-7fe7f017c000 rw-p 00000000 00:00 0 
7fe7f017c000-7fe7f0192000 r-xp 00000000 08:07 921887                     /lib/x86_64-linux-gnu/libz.so.1.2.7
7fe7f0192000-7fe7f0391000 ---p 00016000 08:07 921887                     /lib/x86_64-linux-gnu/libz.so.1.2.7
7fe7f0391000-7fe7f0392000 r--p 00015000 08:07 921887                     /lib/x86_64-linux-gnu/libz.so.1.2.7
7fe7f0392000-7fe7f0393000 rw-p 00016000 08:07 921887                     /lib/x86_64-linux-gnu/libz.so.1.2.7
7fe7f0393000-7fe7f03ab000 r-xp 00000000 08:07 921849                     /lib/x86_64-linux-gnu/libpthread-2.15.so
7fe7f03ab000-7fe7f05aa000 ---p 00018000 08:07 921849                     /lib/x86_64-linux-gnu/libpthread-2.15.so
7fe7f05aa000-7fe7f05ab000 r--p 00017000 08:07 921849                     /lib/x86_64-linux-gnu/libpthread-2.15.so
7fe7f05ab000-7fe7f05ac000 rw-p 00018000 08:07 921849                     /lib/x86_64-linux-gnu/libpthread-2.15.so
7fe7f05ac000-7fe7f05b0000 rw-p 00000000 00:00 0 
7fe7f05b0000-7fe7f05b2000 r-xp 00000000 08:07 921768                     /lib/x86_64-linux-gnu/libdl-2.15.so
7fe7f05b2000-7fe7f07b2000 ---p 00002000 08:07 921768                     /lib/x86_64-linux-gnu/libdl-2.15.so
7fe7f07b2000-7fe7f07b3000 r--p 00002000 08:07 921768                     /lib/x86_64-linux-gnu/libdl-2.15.so
7fe7f07b3000-7fe7f07b4000 rw-p 00003000 08:07 921768                     /lib/x86_64-linux-gnu/libdl-2.15.so
7fe7f07b4000-7fe7f0969000 r-xp 00000000 08:07 921753                     /lib/x86_64-linux-gnu/libc-2.15.so
7fe7f0969000-7fe7f0b68000 ---p 001b5000 08:07 921753                     /lib/x86_64-linux-gnu/libc-2.15.so
7fe7f0b68000-7fe7f0b6c000 r--p 001b4000 08:07 921753                     /lib/x86_64-linux-gnu/libc-2.15.so
7fe7f0b6c000-7fe7f0b6e000 rw-p 001b8000 08:07 921753                     /lib/x86_64-linux-gnu/libc-2.15.so
7fe7f0b6e000-7fe7f0b73000 rw-p 00000000 00:00 0 
7fe7f0b94000-7fe7f0ba1000 r-xp 00000000 08:07 275423                     /usr/lib/jvm/java-7-openjdk-amd64/jre/lib/amd64/jli/libjli.so
7fe7f0ba1000-7fe7f0da0000 ---p 0000d000 08:07 275423                     /usr/lib/jvm/java-7-openjdk-amd64/jre/lib/amd64/jli/libjli.so
7fe7f0da0000-7fe7f0da1000 r--p 0000c000 08:07 275423                     /usr/lib/jvm/java-7-openjdk-amd64/jre/lib/amd64/jli/libjli.so
7fe7f0da1000-7fe7f0da2000 rw-p 0000d000 08:07 275423                     /usr/lib/jvm/java-7-openjdk-amd64/jre/lib/amd64/jli/libjli.so
7fe7f0da2000-7fe7f0dc4000 r-xp 00000000 08:07 921731                     /lib/x86_64-linux-gnu/ld-2.15.so
7fe7f0dca000-7fe7f0dfc000 rw-p 00000000 00:00 0 
7fe7f0dfc000-7fe7f0eb2000 rw-p 00000000 00:00 0 
7fe7f0eb2000-7fe7f0eba000 rw-s 00000000 08:07 572345                     /tmp/hsperfdata_filip/27012
7fe7f0eba000-7fe7f0ebb000 rw-p 00000000 00:00 0 
7fe7f0ebb000-7fe7f0ebc000 r--p 00000000 00:00 0 
7fe7f0ebc000-7fe7f0ebf000 ---p 00000000 00:00 0 
7fe7f0ebf000-7fe7f0fc4000 rw-p 00000000 00:00 0                          [stack:27018]
7fe7f0fc4000-7fe7f0fc5000 r--p 00022000 08:07 921731                     /lib/x86_64-linux-gnu/ld-2.15.so
7fe7f0fc5000-7fe7f0fc7000 rw-p 00023000 08:07 921731                     /lib/x86_64-linux-gnu/ld-2.15.so
7fff886e5000-7fff88706000 rw-p 00000000 00:00 0                          [stack]
7fff887d6000-7fff887d7000 r-xp 00000000 00:00 0                          [vdso]
ffffffffff600000-ffffffffff601000 r-xp 00000000 00:00 0                  [vsyscall]

VM Arguments:
jvm_args: -Dfile.encoding=UTF-8 -Xbootclasspath:/home/filip/android-sdks/platforms/android-17/android.jar 
java_command: sk.ayazi.glstnzastupovanie.Zastup
Launcher Type: SUN_STANDARD

Environment Variables:
PATH=/usr/local/sbin:/usr/local/bin:/usr/sbin:/usr/bin:/sbin:/bin:/usr/games:/usr/local/games
USERNAME=filip
SHELL=/bin/bash
DISPLAY=:0

Signal Handlers:
SIGSEGV: [libjvm.so+0x8574f0], sa_mask[0]=0x7ffbfeff, sa_flags=0x10000004
SIGBUS: [libjvm.so+0x8574f0], sa_mask[0]=0x7ffbfeff, sa_flags=0x10000004
SIGFPE: [libjvm.so+0x6f81f0], sa_mask[0]=0x7ffbfeff, sa_flags=0x10000004
SIGPIPE: [libjvm.so+0x6f81f0], sa_mask[0]=0x7ffbfeff, sa_flags=0x10000004
SIGXFSZ: [libjvm.so+0x6f81f0], sa_mask[0]=0x7ffbfeff, sa_flags=0x10000004
SIGILL: [libjvm.so+0x6f81f0], sa_mask[0]=0x7ffbfeff, sa_flags=0x10000004
SIGUSR1: SIG_DFL, sa_mask[0]=0x00000000, sa_flags=0x00000000
SIGUSR2: [libjvm.so+0x6f8440], sa_mask[0]=0x00000004, sa_flags=0x10000004
SIGHUP: SIG_DFL, sa_mask[0]=0x00000000, sa_flags=0x00000000
SIGINT: SIG_DFL, sa_mask[0]=0x00000000, sa_flags=0x00000000
SIGTERM: SIG_DFL, sa_mask[0]=0x00000000, sa_flags=0x00000000
SIGQUIT: SIG_DFL, sa_mask[0]=0x00000000, sa_flags=0x00000000


---------------  S Y S T E M  ---------------

OS:LinuxMint 14 (nadia)
uname:Linux 3.5.0-21-generic #32-Ubuntu SMP Tue Dec 11 18:51:59 UTC 2012 x86_64
libc:glibc 2.15 NPTL 2.15 
rlimit: STACK 8192k, CORE 0k, NPROC 23930, NOFILE 4096, AS infinity
load average:1.26 1.33 1.30

/proc/meminfo:
MemTotal:        3081516 kB
MemFree:          272244 kB
Buffers:          108084 kB
Cached:           755424 kB
SwapCached:        43868 kB
Active:          1754996 kB
Inactive:         719436 kB
Active(anon):    1335040 kB
Inactive(anon):   286292 kB
Active(file):     419956 kB
Inactive(file):   433144 kB
Unevictable:           0 kB
Mlocked:               0 kB
SwapTotal:        812028 kB
SwapFree:         699584 kB
Dirty:               224 kB
Writeback:             0 kB
AnonPages:       1573080 kB
Mapped:           216776 kB
Shmem:             10324 kB
Slab:             121780 kB
SReclaimable:      97932 kB
SUnreclaim:        23848 kB
KernelStack:        3552 kB
PageTables:        23424 kB
NFS_Unstable:          0 kB
Bounce:                0 kB
WritebackTmp:          0 kB
CommitLimit:     2352784 kB
Committed_AS:    4160380 kB
VmallocTotal:   34359738367 kB
VmallocUsed:      106172 kB
VmallocChunk:   34359626268 kB
HardwareCorrupted:     0 kB
AnonHugePages:         0 kB
HugePages_Total:       0
HugePages_Free:        0
HugePages_Rsvd:        0
HugePages_Surp:        0
Hugepagesize:       2048 kB
DirectMap4k:     2786304 kB
DirectMap2M:      358400 kB


CPU:total 2 (2 cores per cpu, 1 threads per core) family 17 model 3 stepping 1, cmov, cx8, fxsr, mmx, sse, sse2, sse3, mmxext, 3dnowpref, tsc, tscinvbit

/proc/cpuinfo:
processor	: 0
vendor_id	: AuthenticAMD
cpu family	: 17
model		: 3
model name	: AMD Turion(tm) X2 Ultra Dual-Core Mobile ZM-82
stepping	: 1
microcode	: 0x2000032
cpu MHz		: 2200.000
cache size	: 1024 KB
physical id	: 0
siblings	: 2
core id		: 0
cpu cores	: 2
apicid		: 0
initial apicid	: 0
fpu		: yes
fpu_exception	: yes
cpuid level	: 1
wp		: yes
flags		: fpu vme de pse tsc msr pae mce cx8 apic sep mtrr pge mca cmov pat pse36 clflush mmx fxsr sse sse2 ht syscall nx mmxext fxsr_opt rdtscp lm 3dnowext 3dnow constant_tsc rep_good nopl nonstop_tsc extd_apicid pni cx16 lahf_lm cmp_legacy svm extapic cr8_legacy 3dnowprefetch osvw skinit hw_pstate lbrv svm_lock nrip_save
bogomips	: 4400.42
TLB size	: 1024 4K pages
clflush size	: 64
cache_alignment	: 64
address sizes	: 40 bits physical, 48 bits virtual
power management: ts ttp tm stc 100mhzsteps hwpstate

processor	: 1
vendor_id	: AuthenticAMD
cpu family	: 17
model		: 3
model name	: AMD Turion(tm) X2 Ultra Dual-Core Mobile ZM-82
stepping	: 1
microcode	: 0x2000032
cpu MHz		: 2200.000
cache size	: 1024 KB
physical id	: 0
siblings	: 2
core id		: 1
cpu cores	: 2
apicid		: 1
initial apicid	: 1
fpu		: yes
fpu_exception	: yes
cpuid level	: 1
wp		: yes
flags		: fpu vme de pse tsc msr pae mce cx8 apic sep mtrr pge mca cmov pat pse36 clflush mmx fxsr sse sse2 ht syscall nx mmxext fxsr_opt rdtscp lm 3dnowext 3dnow constant_tsc rep_good nopl nonstop_tsc extd_apicid pni cx16 lahf_lm cmp_legacy svm extapic cr8_legacy 3dnowprefetch osvw skinit hw_pstate lbrv svm_lock nrip_save
bogomips	: 4400.42
TLB size	: 1024 4K pages
clflush size	: 64
cache_alignment	: 64
address sizes	: 40 bits physical, 48 bits virtual
power management: ts ttp tm stc 100mhzsteps hwpstate



Memory: 4k page, physical 3081516k(272244k free), swap 812028k(699584k free)

vm_info: OpenJDK 64-Bit Server VM (23.2-b09) for linux-amd64 JRE (1.7.0_09-b30), built on Jan 16 2013 03:28:09 by "buildd" with gcc 4.7.2

time: Fri Feb 22 19:49:38 2013
elapsed time: 0 seconds

