#
# A fatal error has been detected by the Java Runtime Environment:
#
#  Internal Error (javaClasses.cpp:129), pid=12687, tid=140229304129280
#  fatal error: Invalid layout of preloaded class
#
# JRE version: 7.0_09-b30
# Java VM: OpenJDK 64-Bit Server VM (23.2-b09 mixed mode linux-amd64 compressed oops)
# Failed to write core dump. Core dumps have been disabled. To enable core dumping, try "ulimit -c unlimited" before starting Java again
#
# If you would like to submit a bug report, please include
# instructions on how to reproduce the bug and visit:
#   https://bugs.launchpad.net/ubuntu/+source/openjdk-7/
#

---------------  T H R E A D  ---------------

Current thread (0x00007f89a4009000):  JavaThread "Unknown thread" [_thread_in_vm, id=12693, stack(0x00007f89adcc1000,0x00007f89addc2000)]

Stack: [0x00007f89adcc1000,0x00007f89addc2000],  sp=0x00007f89addc09e0,  free space=1022k
Native frames: (J=compiled Java code, j=interpreted, Vv=VM code, C=native code)
V  [libjvm.so+0x856a0b]  VMError::report_and_die()+0x16b
V  [libjvm.so+0x3ee247]  report_fatal(char const*, int, char const*)+0x57
V  [libjvm.so+0x52abda]  compute_offset(int&, klassOopDesc*, Symbol*, Symbol*, bool) [clone .constprop.122]+0x11a
V  [libjvm.so+0x52ace6]  java_lang_String::compute_offsets()+0x36
V  [libjvm.so+0x7e358d]  SystemDictionary::initialize_preloaded_classes(Thread*)+0x3d
V  [libjvm.so+0x8304e8]  Universe::genesis(Thread*)+0x468
V  [libjvm.so+0x83099f]  universe2_init()+0x1f
V  [libjvm.so+0x4df4ba]  init_globals()+0x9a
V  [libjvm.so+0x813f0c]  Threads::create_vm(JavaVMInitArgs*, bool*)+0x39c
V  [libjvm.so+0x547868]  JNI_CreateJavaVM+0x58
C  [libjli.so+0x28f4]  __strcat_chk+0x28f4


---------------  P R O C E S S  ---------------

Java Threads: ( => current thread )

Other Threads:

=>0x00007f89a4009000 (exited) JavaThread "Unknown thread" [_thread_in_vm, id=12693, stack(0x00007f89adcc1000,0x00007f89addc2000)]

VM state:not at safepoint (not fully initialized)

VM Mutex/Monitor currently owned by a thread: None

GC Heap History (0 events):
No events

Deoptimization events (0 events):
No events

Internal exceptions (0 events):
No events

Events (10 events):
Event: 0.481 loading class 0x00007f89a40271f0 done
Event: 0.481 loading class 0x00007f89a4026a90 done
Event: 0.482 loading class 0x00007f89a4026a60
Event: 0.482 loading class 0x00007f89a4051c10
Event: 0.482 loading class 0x00007f89a4051c10 done
Event: 0.482 loading class 0x00007f89a4051c50
Event: 0.482 loading class 0x00007f89a4051c50 done
Event: 0.482 loading class 0x00007f89a4051c90
Event: 0.482 loading class 0x00007f89a4051c90 done
Event: 0.499 loading class 0x00007f89a4026a60 done


Dynamic libraries:
00400000-00401000 r-xp 00000000 08:07 275456                             /usr/lib/jvm/java-7-openjdk-amd64/jre/bin/java
00600000-00601000 r--p 00000000 08:07 275456                             /usr/lib/jvm/java-7-openjdk-amd64/jre/bin/java
00601000-00602000 rw-p 00001000 08:07 275456                             /usr/lib/jvm/java-7-openjdk-amd64/jre/bin/java
00e6d000-00e8e000 rw-p 00000000 00:00 0                                  [heap]
c6800000-c7cc0000 rw-p 00000000 00:00 0 
c7cc0000-d0e00000 rw-p 00000000 00:00 0 
d0e00000-d2d60000 rw-p 00000000 00:00 0 
d2d60000-f04b0000 rw-p 00000000 00:00 0 
f04b0000-f1460000 rw-p 00000000 00:00 0 
f1460000-100000000 rw-p 00000000 00:00 0 
7f8994000000-7f8994021000 rw-p 00000000 00:00 0 
7f8994021000-7f8998000000 ---p 00000000 00:00 0 
7f899c000000-7f899c021000 rw-p 00000000 00:00 0 
7f899c021000-7f89a0000000 ---p 00000000 00:00 0 
7f89a0df4000-7f89a1000000 rw-p 00000000 00:00 0 
7f89a1000000-7f89a1270000 rwxp 00000000 00:00 0 
7f89a1270000-7f89a405c000 rw-p 00000000 00:00 0 
7f89a405c000-7f89a8000000 ---p 00000000 00:00 0 
7f89a8010000-7f89a8047000 rw-p 00000000 00:00 0 
7f89a8047000-7f89a810c000 r--s 0115c000 08:07 585137                     /home/filip/android-sdks/platforms/android-17/android.jar
7f89a810c000-7f89aa4fc000 rw-p 00000000 00:00 0 
7f89aa4fc000-7f89aa4fd000 ---p 00000000 00:00 0 
7f89aa4fd000-7f89aa5fd000 rw-p 00000000 00:00 0                          [stack:12695]
7f89aa5fd000-7f89aa5fe000 ---p 00000000 00:00 0 
7f89aa5fe000-7f89aa709000 rw-p 00000000 00:00 0                          [stack:12694]
7f89aa709000-7f89aa751000 rw-p 00000000 00:00 0 
7f89aa751000-7f89aa761000 rw-p 00000000 00:00 0 
7f89aa761000-7f89aa84d000 rw-p 00000000 00:00 0 
7f89aa84d000-7f89aa858000 rw-p 00000000 00:00 0 
7f89aa858000-7f89aa8a0000 rw-p 00000000 00:00 0 
7f89aa8a0000-7f89aa8b0000 rw-p 00000000 00:00 0 
7f89aa8b0000-7f89aa99b000 rw-p 00000000 00:00 0 
7f89aa99b000-7f89aa9a4000 rw-p 00000000 00:00 0 
7f89aa9a4000-7f89aaa19000 rw-p 00000000 00:00 0 
7f89aaa19000-7f89aaa1a000 rw-p 00000000 00:00 0 
7f89aaa1a000-7f89aaa22000 r-xp 00000000 08:07 275455                     /usr/lib/jvm/java-7-openjdk-amd64/jre/lib/amd64/libzip.so
7f89aaa22000-7f89aac21000 ---p 00008000 08:07 275455                     /usr/lib/jvm/java-7-openjdk-amd64/jre/lib/amd64/libzip.so
7f89aac21000-7f89aac22000 r--p 00007000 08:07 275455                     /usr/lib/jvm/java-7-openjdk-amd64/jre/lib/amd64/libzip.so
7f89aac22000-7f89aac23000 rw-p 00008000 08:07 275455                     /usr/lib/jvm/java-7-openjdk-amd64/jre/lib/amd64/libzip.so
7f89aac23000-7f89aac2f000 r-xp 00000000 08:07 921818                     /lib/x86_64-linux-gnu/libnss_files-2.15.so
7f89aac2f000-7f89aae2e000 ---p 0000c000 08:07 921818                     /lib/x86_64-linux-gnu/libnss_files-2.15.so
7f89aae2e000-7f89aae2f000 r--p 0000b000 08:07 921818                     /lib/x86_64-linux-gnu/libnss_files-2.15.so
7f89aae2f000-7f89aae30000 rw-p 0000c000 08:07 921818                     /lib/x86_64-linux-gnu/libnss_files-2.15.so
7f89aae30000-7f89aae3a000 r-xp 00000000 08:07 921822                     /lib/x86_64-linux-gnu/libnss_nis-2.15.so
7f89aae3a000-7f89ab03a000 ---p 0000a000 08:07 921822                     /lib/x86_64-linux-gnu/libnss_nis-2.15.so
7f89ab03a000-7f89ab03b000 r--p 0000a000 08:07 921822                     /lib/x86_64-linux-gnu/libnss_nis-2.15.so
7f89ab03b000-7f89ab03c000 rw-p 0000b000 08:07 921822                     /lib/x86_64-linux-gnu/libnss_nis-2.15.so
7f89ab03c000-7f89ab053000 r-xp 00000000 08:07 921812                     /lib/x86_64-linux-gnu/libnsl-2.15.so
7f89ab053000-7f89ab252000 ---p 00017000 08:07 921812                     /lib/x86_64-linux-gnu/libnsl-2.15.so
7f89ab252000-7f89ab253000 r--p 00016000 08:07 921812                     /lib/x86_64-linux-gnu/libnsl-2.15.so
7f89ab253000-7f89ab254000 rw-p 00017000 08:07 921812                     /lib/x86_64-linux-gnu/libnsl-2.15.so
7f89ab254000-7f89ab256000 rw-p 00000000 00:00 0 
7f89ab256000-7f89ab25e000 r-xp 00000000 08:07 921814                     /lib/x86_64-linux-gnu/libnss_compat-2.15.so
7f89ab25e000-7f89ab45d000 ---p 00008000 08:07 921814                     /lib/x86_64-linux-gnu/libnss_compat-2.15.so
7f89ab45d000-7f89ab45e000 r--p 00007000 08:07 921814                     /lib/x86_64-linux-gnu/libnss_compat-2.15.so
7f89ab45e000-7f89ab45f000 rw-p 00008000 08:07 921814                     /lib/x86_64-linux-gnu/libnss_compat-2.15.so
7f89ab45f000-7f89ab48a000 r-xp 00000000 08:07 275440                     /usr/lib/jvm/java-7-openjdk-amd64/jre/lib/amd64/libjava.so
7f89ab48a000-7f89ab689000 ---p 0002b000 08:07 275440                     /usr/lib/jvm/java-7-openjdk-amd64/jre/lib/amd64/libjava.so
7f89ab689000-7f89ab68a000 r--p 0002a000 08:07 275440                     /usr/lib/jvm/java-7-openjdk-amd64/jre/lib/amd64/libjava.so
7f89ab68a000-7f89ab68c000 rw-p 0002b000 08:07 275440                     /usr/lib/jvm/java-7-openjdk-amd64/jre/lib/amd64/libjava.so
7f89ab68c000-7f89ab69b000 r-xp 00000000 08:07 275439                     /usr/lib/jvm/java-7-openjdk-amd64/jre/lib/amd64/libverify.so
7f89ab69b000-7f89ab89a000 ---p 0000f000 08:07 275439                     /usr/lib/jvm/java-7-openjdk-amd64/jre/lib/amd64/libverify.so
7f89ab89a000-7f89ab89c000 r--p 0000e000 08:07 275439                     /usr/lib/jvm/java-7-openjdk-amd64/jre/lib/amd64/libverify.so
7f89ab89c000-7f89ab89d000 rw-p 00010000 08:07 275439                     /usr/lib/jvm/java-7-openjdk-amd64/jre/lib/amd64/libverify.so
7f89ab89d000-7f89ab8a4000 r-xp 00000000 08:07 921857                     /lib/x86_64-linux-gnu/librt-2.15.so
7f89ab8a4000-7f89abaa3000 ---p 00007000 08:07 921857                     /lib/x86_64-linux-gnu/librt-2.15.so
7f89abaa3000-7f89abaa4000 r--p 00006000 08:07 921857                     /lib/x86_64-linux-gnu/librt-2.15.so
7f89abaa4000-7f89abaa5000 rw-p 00007000 08:07 921857                     /lib/x86_64-linux-gnu/librt-2.15.so
7f89abaa5000-7f89ababa000 r-xp 00000000 08:07 921778                     /lib/x86_64-linux-gnu/libgcc_s.so.1
7f89ababa000-7f89abcb9000 ---p 00015000 08:07 921778                     /lib/x86_64-linux-gnu/libgcc_s.so.1
7f89abcb9000-7f89abcba000 r--p 00014000 08:07 921778                     /lib/x86_64-linux-gnu/libgcc_s.so.1
7f89abcba000-7f89abcbb000 rw-p 00015000 08:07 921778                     /lib/x86_64-linux-gnu/libgcc_s.so.1
7f89abcbb000-7f89abdb6000 r-xp 00000000 08:07 921795                     /lib/x86_64-linux-gnu/libm-2.15.so
7f89abdb6000-7f89abfb5000 ---p 000fb000 08:07 921795                     /lib/x86_64-linux-gnu/libm-2.15.so
7f89abfb5000-7f89abfb6000 r--p 000fa000 08:07 921795                     /lib/x86_64-linux-gnu/libm-2.15.so
7f89abfb6000-7f89abfb7000 rw-p 000fb000 08:07 921795                     /lib/x86_64-linux-gnu/libm-2.15.so
7f89abfb7000-7f89ac09c000 r-xp 00000000 08:07 272737                     /usr/lib/x86_64-linux-gnu/libstdc++.so.6.0.17
7f89ac09c000-7f89ac29b000 ---p 000e5000 08:07 272737                     /usr/lib/x86_64-linux-gnu/libstdc++.so.6.0.17
7f89ac29b000-7f89ac2a3000 r--p 000e4000 08:07 272737                     /usr/lib/x86_64-linux-gnu/libstdc++.so.6.0.17
7f89ac2a3000-7f89ac2a5000 rw-p 000ec000 08:07 272737                     /usr/lib/x86_64-linux-gnu/libstdc++.so.6.0.17
7f89ac2a5000-7f89ac2ba000 rw-p 00000000 00:00 0 
7f89ac2ba000-7f89accb5000 r-xp 00000000 08:07 275444                     /usr/lib/jvm/java-7-openjdk-amd64/jre/lib/amd64/server/libjvm.so
7f89accb5000-7f89aceb4000 ---p 009fb000 08:07 275444                     /usr/lib/jvm/java-7-openjdk-amd64/jre/lib/amd64/server/libjvm.so
7f89aceb4000-7f89acf33000 r--p 009fa000 08:07 275444                     /usr/lib/jvm/java-7-openjdk-amd64/jre/lib/amd64/server/libjvm.so
7f89acf33000-7f89acf56000 rw-p 00a79000 08:07 275444                     /usr/lib/jvm/java-7-openjdk-amd64/jre/lib/amd64/server/libjvm.so
7f89acf56000-7f89acf81000 rw-p 00000000 00:00 0 
7f89acf81000-7f89acf97000 r-xp 00000000 08:07 921887                     /lib/x86_64-linux-gnu/libz.so.1.2.7
7f89acf97000-7f89ad196000 ---p 00016000 08:07 921887                     /lib/x86_64-linux-gnu/libz.so.1.2.7
7f89ad196000-7f89ad197000 r--p 00015000 08:07 921887                     /lib/x86_64-linux-gnu/libz.so.1.2.7
7f89ad197000-7f89ad198000 rw-p 00016000 08:07 921887                     /lib/x86_64-linux-gnu/libz.so.1.2.7
7f89ad198000-7f89ad1b0000 r-xp 00000000 08:07 921849                     /lib/x86_64-linux-gnu/libpthread-2.15.so
7f89ad1b0000-7f89ad3af000 ---p 00018000 08:07 921849                     /lib/x86_64-linux-gnu/libpthread-2.15.so
7f89ad3af000-7f89ad3b0000 r--p 00017000 08:07 921849                     /lib/x86_64-linux-gnu/libpthread-2.15.so
7f89ad3b0000-7f89ad3b1000 rw-p 00018000 08:07 921849                     /lib/x86_64-linux-gnu/libpthread-2.15.so
7f89ad3b1000-7f89ad3b5000 rw-p 00000000 00:00 0 
7f89ad3b5000-7f89ad3b7000 r-xp 00000000 08:07 921768                     /lib/x86_64-linux-gnu/libdl-2.15.so
7f89ad3b7000-7f89ad5b7000 ---p 00002000 08:07 921768                     /lib/x86_64-linux-gnu/libdl-2.15.so
7f89ad5b7000-7f89ad5b8000 r--p 00002000 08:07 921768                     /lib/x86_64-linux-gnu/libdl-2.15.so
7f89ad5b8000-7f89ad5b9000 rw-p 00003000 08:07 921768                     /lib/x86_64-linux-gnu/libdl-2.15.so
7f89ad5b9000-7f89ad76e000 r-xp 00000000 08:07 921753                     /lib/x86_64-linux-gnu/libc-2.15.so
7f89ad76e000-7f89ad96d000 ---p 001b5000 08:07 921753                     /lib/x86_64-linux-gnu/libc-2.15.so
7f89ad96d000-7f89ad971000 r--p 001b4000 08:07 921753                     /lib/x86_64-linux-gnu/libc-2.15.so
7f89ad971000-7f89ad973000 rw-p 001b8000 08:07 921753                     /lib/x86_64-linux-gnu/libc-2.15.so
7f89ad973000-7f89ad978000 rw-p 00000000 00:00 0 
7f89ad999000-7f89ad9a6000 r-xp 00000000 08:07 275423                     /usr/lib/jvm/java-7-openjdk-amd64/jre/lib/amd64/jli/libjli.so
7f89ad9a6000-7f89adba5000 ---p 0000d000 08:07 275423                     /usr/lib/jvm/java-7-openjdk-amd64/jre/lib/amd64/jli/libjli.so
7f89adba5000-7f89adba6000 r--p 0000c000 08:07 275423                     /usr/lib/jvm/java-7-openjdk-amd64/jre/lib/amd64/jli/libjli.so
7f89adba6000-7f89adba7000 rw-p 0000d000 08:07 275423                     /usr/lib/jvm/java-7-openjdk-amd64/jre/lib/amd64/jli/libjli.so
7f89adba7000-7f89adbc9000 r-xp 00000000 08:07 921731                     /lib/x86_64-linux-gnu/ld-2.15.so
7f89adbcf000-7f89adc01000 rw-p 00000000 00:00 0 
7f89adc01000-7f89adcb7000 rw-p 00000000 00:00 0 
7f89adcb7000-7f89adcbf000 rw-s 00000000 08:07 572440                     /tmp/hsperfdata_filip/12687
7f89adcbf000-7f89adcc0000 rw-p 00000000 00:00 0 
7f89adcc0000-7f89adcc1000 r--p 00000000 00:00 0 
7f89adcc1000-7f89adcc4000 ---p 00000000 00:00 0 
7f89adcc4000-7f89addc9000 rw-p 00000000 00:00 0                          [stack:12693]
7f89addc9000-7f89addca000 r--p 00022000 08:07 921731                     /lib/x86_64-linux-gnu/ld-2.15.so
7f89addca000-7f89addcc000 rw-p 00023000 08:07 921731                     /lib/x86_64-linux-gnu/ld-2.15.so
7fffd5961000-7fffd5982000 rw-p 00000000 00:00 0                          [stack]
7fffd59ed000-7fffd59ee000 r-xp 00000000 00:00 0                          [vdso]
ffffffffff600000-ffffffffff601000 r-xp 00000000 00:00 0                  [vsyscall]

VM Arguments:
jvm_args: -Dfile.encoding=UTF-8 -Xbootclasspath:/home/filip/android-sdks/platforms/android-17/android.jar 
java_command: sk.ayazi.glstnzastupovanie.Zastup
Launcher Type: SUN_STANDARD

Environment Variables:
PATH=/usr/local/sbin:/usr/local/bin:/usr/sbin:/usr/bin:/sbin:/bin:/usr/games:/usr/local/games
USERNAME=filip
SHELL=/bin/bash
DISPLAY=:0

Signal Handlers:
SIGSEGV: [libjvm.so+0x8574f0], sa_mask[0]=0x7ffbfeff, sa_flags=0x10000004
SIGBUS: [libjvm.so+0x8574f0], sa_mask[0]=0x7ffbfeff, sa_flags=0x10000004
SIGFPE: [libjvm.so+0x6f81f0], sa_mask[0]=0x7ffbfeff, sa_flags=0x10000004
SIGPIPE: [libjvm.so+0x6f81f0], sa_mask[0]=0x7ffbfeff, sa_flags=0x10000004
SIGXFSZ: [libjvm.so+0x6f81f0], sa_mask[0]=0x7ffbfeff, sa_flags=0x10000004
SIGILL: [libjvm.so+0x6f81f0], sa_mask[0]=0x7ffbfeff, sa_flags=0x10000004
SIGUSR1: SIG_DFL, sa_mask[0]=0x00000000, sa_flags=0x00000000
SIGUSR2: [libjvm.so+0x6f8440], sa_mask[0]=0x00000004, sa_flags=0x10000004
SIGHUP: SIG_DFL, sa_mask[0]=0x00000000, sa_flags=0x00000000
SIGINT: SIG_DFL, sa_mask[0]=0x00000000, sa_flags=0x00000000
SIGTERM: SIG_DFL, sa_mask[0]=0x00000000, sa_flags=0x00000000
SIGQUIT: SIG_DFL, sa_mask[0]=0x00000000, sa_flags=0x00000000


---------------  S Y S T E M  ---------------

OS:LinuxMint 14 (nadia)
uname:Linux 3.5.0-21-generic #32-Ubuntu SMP Tue Dec 11 18:51:59 UTC 2012 x86_64
libc:glibc 2.15 NPTL 2.15 
rlimit: STACK 8192k, CORE 0k, NPROC 23930, NOFILE 4096, AS infinity
load average:1.10 1.19 1.33

/proc/meminfo:
MemTotal:        3081516 kB
MemFree:          291312 kB
Buffers:           22148 kB
Cached:           247448 kB
SwapCached:         6864 kB
Active:          1922772 kB
Inactive:         605780 kB
Active(anon):    1789480 kB
Inactive(anon):   481244 kB
Active(file):     133292 kB
Inactive(file):   124536 kB
Unevictable:           0 kB
Mlocked:               0 kB
SwapTotal:        812028 kB
SwapFree:         783344 kB
Dirty:               552 kB
Writeback:             0 kB
AnonPages:       2252444 kB
Mapped:           155636 kB
Shmem:             11468 kB
Slab:              60016 kB
SReclaimable:      37832 kB
SUnreclaim:        22184 kB
KernelStack:        3496 kB
PageTables:        23296 kB
NFS_Unstable:          0 kB
Bounce:                0 kB
WritebackTmp:          0 kB
CommitLimit:     2352784 kB
Committed_AS:    4684968 kB
VmallocTotal:   34359738367 kB
VmallocUsed:      104124 kB
VmallocChunk:   34359630375 kB
HardwareCorrupted:     0 kB
AnonHugePages:         0 kB
HugePages_Total:       0
HugePages_Free:        0
HugePages_Rsvd:        0
HugePages_Surp:        0
Hugepagesize:       2048 kB
DirectMap4k:      248832 kB
DirectMap2M:     2895872 kB


CPU:total 2 (2 cores per cpu, 1 threads per core) family 17 model 3 stepping 1, cmov, cx8, fxsr, mmx, sse, sse2, sse3, mmxext, 3dnowpref, tsc, tscinvbit

/proc/cpuinfo:
processor	: 0
vendor_id	: AuthenticAMD
cpu family	: 17
model		: 3
model name	: AMD Turion(tm) X2 Ultra Dual-Core Mobile ZM-82
stepping	: 1
microcode	: 0x2000032
cpu MHz		: 2200.000
cache size	: 1024 KB
physical id	: 0
siblings	: 2
core id		: 0
cpu cores	: 2
apicid		: 0
initial apicid	: 0
fpu		: yes
fpu_exception	: yes
cpuid level	: 1
wp		: yes
flags		: fpu vme de pse tsc msr pae mce cx8 apic sep mtrr pge mca cmov pat pse36 clflush mmx fxsr sse sse2 ht syscall nx mmxext fxsr_opt rdtscp lm 3dnowext 3dnow constant_tsc rep_good nopl nonstop_tsc extd_apicid pni cx16 lahf_lm cmp_legacy svm extapic cr8_legacy 3dnowprefetch osvw skinit hw_pstate lbrv svm_lock nrip_save
bogomips	: 4399.75
TLB size	: 1024 4K pages
clflush size	: 64
cache_alignment	: 64
address sizes	: 40 bits physical, 48 bits virtual
power management: ts ttp tm stc 100mhzsteps hwpstate

processor	: 1
vendor_id	: AuthenticAMD
cpu family	: 17
model		: 3
model name	: AMD Turion(tm) X2 Ultra Dual-Core Mobile ZM-82
stepping	: 1
microcode	: 0x2000032
cpu MHz		: 2200.000
cache size	: 1024 KB
physical id	: 0
siblings	: 2
core id		: 1
cpu cores	: 2
apicid		: 1
initial apicid	: 1
fpu		: yes
fpu_exception	: yes
cpuid level	: 1
wp		: yes
flags		: fpu vme de pse tsc msr pae mce cx8 apic sep mtrr pge mca cmov pat pse36 clflush mmx fxsr sse sse2 ht syscall nx mmxext fxsr_opt rdtscp lm 3dnowext 3dnow constant_tsc rep_good nopl nonstop_tsc extd_apicid pni cx16 lahf_lm cmp_legacy svm extapic cr8_legacy 3dnowprefetch osvw skinit hw_pstate lbrv svm_lock nrip_save
bogomips	: 4399.75
TLB size	: 1024 4K pages
clflush size	: 64
cache_alignment	: 64
address sizes	: 40 bits physical, 48 bits virtual
power management: ts ttp tm stc 100mhzsteps hwpstate



Memory: 4k page, physical 3081516k(291312k free), swap 812028k(783344k free)

vm_info: OpenJDK 64-Bit Server VM (23.2-b09) for linux-amd64 JRE (1.7.0_09-b30), built on Jan 16 2013 03:28:09 by "buildd" with gcc 4.7.2

time: Wed Feb 20 13:33:38 2013
elapsed time: 0 seconds

