#
# A fatal error has been detected by the Java Runtime Environment:
#
#  Internal Error (javaClasses.cpp:129), pid=18503, tid=139638235506432
#  fatal error: Invalid layout of preloaded class
#
# JRE version: 7.0_25-b30
# Java VM: OpenJDK 64-Bit Server VM (23.7-b01 mixed mode linux-amd64 compressed oops)
# Failed to write core dump. Core dumps have been disabled. To enable core dumping, try "ulimit -c unlimited" before starting Java again
#
# If you would like to submit a bug report, please include
# instructions on how to reproduce the bug and visit:
#   https://bugs.launchpad.net/ubuntu/+source/openjdk-7/
#

---------------  T H R E A D  ---------------

Current thread (0x00007f0008009000):  JavaThread "Unknown thread" [_thread_in_vm, id=18504, stack(0x00007f000f5ca000,0x00007f000f6cb000)]

Stack: [0x00007f000f5ca000,0x00007f000f6cb000],  sp=0x00007f000f6c99a0,  free space=1022k
Native frames: (J=compiled Java code, j=interpreted, Vv=VM code, C=native code)
V  [libjvm.so+0x84e92b]  VMError::report_and_die()+0x16b
V  [libjvm.so+0x3ebd57]  report_fatal(char const*, int, char const*)+0x57
V  [libjvm.so+0x528efa]  compute_offset(int&, klassOopDesc*, Symbol*, Symbol*, bool) [clone .constprop.123]+0x11a
V  [libjvm.so+0x529166]  java_lang_String::compute_offsets()+0x36
V  [libjvm.so+0x7dcf8d]  SystemDictionary::initialize_preloaded_classes(Thread*)+0x3d
V  [libjvm.so+0x829288]  Universe::genesis(Thread*)+0x468
V  [libjvm.so+0x82973f]  universe2_init()+0x1f
V  [libjvm.so+0x4dde1a]  init_globals()+0x9a
V  [libjvm.so+0x80d26c]  Threads::create_vm(JavaVMInitArgs*, bool*)+0x39c
V  [libjvm.so+0x545278]  JNI_CreateJavaVM+0x58
C  [libjli.so+0x2b34]  __strcat_chk+0x2b34


---------------  P R O C E S S  ---------------

Java Threads: ( => current thread )

Other Threads:

=>0x00007f0008009000 (exited) JavaThread "Unknown thread" [_thread_in_vm, id=18504, stack(0x00007f000f5ca000,0x00007f000f6cb000)]

VM state:not at safepoint (not fully initialized)

VM Mutex/Monitor currently owned by a thread: None

GC Heap History (0 events):
No events

Deoptimization events (0 events):
No events

Internal exceptions (0 events):
No events

Events (10 events):
Event: 0.012 loading class 0x00007f0008022580 done
Event: 0.012 loading class 0x00007f0008021e20 done
Event: 0.012 loading class 0x00007f0008021df0
Event: 0.012 loading class 0x00007f000804d000
Event: 0.012 loading class 0x00007f000804d000 done
Event: 0.012 loading class 0x00007f000804d040
Event: 0.012 loading class 0x00007f000804d040 done
Event: 0.012 loading class 0x00007f000804d080
Event: 0.012 loading class 0x00007f000804d080 done
Event: 0.012 loading class 0x00007f0008021df0 done


Dynamic libraries:
00400000-00401000 r-xp 00000000 08:07 273088                             /usr/lib/jvm/java-7-openjdk-amd64/jre/bin/java
00600000-00601000 r--p 00000000 08:07 273088                             /usr/lib/jvm/java-7-openjdk-amd64/jre/bin/java
00601000-00602000 rw-p 00001000 08:07 273088                             /usr/lib/jvm/java-7-openjdk-amd64/jre/bin/java
00671000-00692000 rw-p 00000000 00:00 0                                  [heap]
c6a00000-c79a0000 rw-p 00000000 00:00 0 
c79a0000-d64a0000 rw-p 00000000 00:00 0 
d64a0000-d8400000 rw-p 00000000 00:00 0 
d8400000-f5a00000 rw-p 00000000 00:00 0 
f5a00000-f6ec0000 rw-p 00000000 00:00 0 
f6ec0000-100000000 rw-p 00000000 00:00 0 
7f0004cf9000-7f0004f3b000 rw-p 00000000 00:00 0 
7f0004f3b000-7f0005000000 r--s 0115c000 08:07 585137                     /home/filip/android-sdks/platforms/android-17/android.jar
7f0005000000-7f0005270000 rwxp 00000000 00:00 0 
7f0005270000-7f0008057000 rw-p 00000000 00:00 0 
7f0008057000-7f000c000000 ---p 00000000 00:00 0 
7f000c01f000-7f000c052000 rw-p 00000000 00:00 0 
7f000c052000-7f000c09b000 rw-p 00000000 00:00 0 
7f000c09b000-7f000c0ab000 rw-p 00000000 00:00 0 
7f000c0ab000-7f000c196000 rw-p 00000000 00:00 0 
7f000c196000-7f000c19e000 rw-p 00000000 00:00 0 
7f000c19e000-7f000c213000 rw-p 00000000 00:00 0 
7f000c213000-7f000c223000 rw-p 00000000 00:00 0 
7f000c223000-7f000c30e000 rw-p 00000000 00:00 0 
7f000c30e000-7f000c319000 rw-p 00000000 00:00 0 
7f000c319000-7f000c361000 rw-p 00000000 00:00 0 
7f000c361000-7f000c362000 rw-p 00000000 00:00 0 
7f000c362000-7f000c36a000 r-xp 00000000 08:07 273086                     /usr/lib/jvm/java-7-openjdk-amd64/jre/lib/amd64/libzip.so
7f000c36a000-7f000c569000 ---p 00008000 08:07 273086                     /usr/lib/jvm/java-7-openjdk-amd64/jre/lib/amd64/libzip.so
7f000c569000-7f000c56a000 r--p 00007000 08:07 273086                     /usr/lib/jvm/java-7-openjdk-amd64/jre/lib/amd64/libzip.so
7f000c56a000-7f000c56b000 rw-p 00008000 08:07 273086                     /usr/lib/jvm/java-7-openjdk-amd64/jre/lib/amd64/libzip.so
7f000c56b000-7f000c577000 r-xp 00000000 08:07 922800                     /lib/x86_64-linux-gnu/libnss_files-2.17.so
7f000c577000-7f000c776000 ---p 0000c000 08:07 922800                     /lib/x86_64-linux-gnu/libnss_files-2.17.so
7f000c776000-7f000c777000 r--p 0000b000 08:07 922800                     /lib/x86_64-linux-gnu/libnss_files-2.17.so
7f000c777000-7f000c778000 rw-p 0000c000 08:07 922800                     /lib/x86_64-linux-gnu/libnss_files-2.17.so
7f000c778000-7f000c783000 r-xp 00000000 08:07 922539                     /lib/x86_64-linux-gnu/libnss_nis-2.17.so
7f000c783000-7f000c982000 ---p 0000b000 08:07 922539                     /lib/x86_64-linux-gnu/libnss_nis-2.17.so
7f000c982000-7f000c983000 r--p 0000a000 08:07 922539                     /lib/x86_64-linux-gnu/libnss_nis-2.17.so
7f000c983000-7f000c984000 rw-p 0000b000 08:07 922539                     /lib/x86_64-linux-gnu/libnss_nis-2.17.so
7f000c984000-7f000c99b000 r-xp 00000000 08:07 921517                     /lib/x86_64-linux-gnu/libnsl-2.17.so
7f000c99b000-7f000cb9a000 ---p 00017000 08:07 921517                     /lib/x86_64-linux-gnu/libnsl-2.17.so
7f000cb9a000-7f000cb9b000 r--p 00016000 08:07 921517                     /lib/x86_64-linux-gnu/libnsl-2.17.so
7f000cb9b000-7f000cb9c000 rw-p 00017000 08:07 921517                     /lib/x86_64-linux-gnu/libnsl-2.17.so
7f000cb9c000-7f000cb9e000 rw-p 00000000 00:00 0 
7f000cb9e000-7f000cba6000 r-xp 00000000 08:07 921812                     /lib/x86_64-linux-gnu/libnss_compat-2.17.so
7f000cba6000-7f000cda5000 ---p 00008000 08:07 921812                     /lib/x86_64-linux-gnu/libnss_compat-2.17.so
7f000cda5000-7f000cda6000 r--p 00007000 08:07 921812                     /lib/x86_64-linux-gnu/libnss_compat-2.17.so
7f000cda6000-7f000cda7000 rw-p 00008000 08:07 921812                     /lib/x86_64-linux-gnu/libnss_compat-2.17.so
7f000cda7000-7f000cdd2000 r-xp 00000000 08:07 272996                     /usr/lib/jvm/java-7-openjdk-amd64/jre/lib/amd64/libjava.so
7f000cdd2000-7f000cfd1000 ---p 0002b000 08:07 272996                     /usr/lib/jvm/java-7-openjdk-amd64/jre/lib/amd64/libjava.so
7f000cfd1000-7f000cfd2000 r--p 0002a000 08:07 272996                     /usr/lib/jvm/java-7-openjdk-amd64/jre/lib/amd64/libjava.so
7f000cfd2000-7f000cfd4000 rw-p 0002b000 08:07 272996                     /usr/lib/jvm/java-7-openjdk-amd64/jre/lib/amd64/libjava.so
7f000cfd4000-7f000cfe3000 r-xp 00000000 08:07 272995                     /usr/lib/jvm/java-7-openjdk-amd64/jre/lib/amd64/libverify.so
7f000cfe3000-7f000d1e2000 ---p 0000f000 08:07 272995                     /usr/lib/jvm/java-7-openjdk-amd64/jre/lib/amd64/libverify.so
7f000d1e2000-7f000d1e4000 r--p 0000e000 08:07 272995                     /usr/lib/jvm/java-7-openjdk-amd64/jre/lib/amd64/libverify.so
7f000d1e4000-7f000d1e5000 rw-p 00010000 08:07 272995                     /usr/lib/jvm/java-7-openjdk-amd64/jre/lib/amd64/libverify.so
7f000d1e5000-7f000d1ec000 r-xp 00000000 08:07 918176                     /lib/x86_64-linux-gnu/librt-2.17.so
7f000d1ec000-7f000d3eb000 ---p 00007000 08:07 918176                     /lib/x86_64-linux-gnu/librt-2.17.so
7f000d3eb000-7f000d3ec000 r--p 00006000 08:07 918176                     /lib/x86_64-linux-gnu/librt-2.17.so
7f000d3ec000-7f000d3ed000 rw-p 00007000 08:07 918176                     /lib/x86_64-linux-gnu/librt-2.17.so
7f000d3ed000-7f000d401000 r-xp 00000000 08:07 921746                     /lib/x86_64-linux-gnu/libgcc_s.so.1
7f000d401000-7f000d601000 ---p 00014000 08:07 921746                     /lib/x86_64-linux-gnu/libgcc_s.so.1
7f000d601000-7f000d602000 r--p 00014000 08:07 921746                     /lib/x86_64-linux-gnu/libgcc_s.so.1
7f000d602000-7f000d603000 rw-p 00015000 08:07 921746                     /lib/x86_64-linux-gnu/libgcc_s.so.1
7f000d603000-7f000d706000 r-xp 00000000 08:07 922537                     /lib/x86_64-linux-gnu/libm-2.17.so
7f000d706000-7f000d906000 ---p 00103000 08:07 922537                     /lib/x86_64-linux-gnu/libm-2.17.so
7f000d906000-7f000d907000 r--p 00103000 08:07 922537                     /lib/x86_64-linux-gnu/libm-2.17.so
7f000d907000-7f000d908000 rw-p 00104000 08:07 922537                     /lib/x86_64-linux-gnu/libm-2.17.so
7f000d908000-7f000d9ed000 r-xp 00000000 08:07 262638                     /usr/lib/x86_64-linux-gnu/libstdc++.so.6.0.17
7f000d9ed000-7f000dbec000 ---p 000e5000 08:07 262638                     /usr/lib/x86_64-linux-gnu/libstdc++.so.6.0.17
7f000dbec000-7f000dbf4000 r--p 000e4000 08:07 262638                     /usr/lib/x86_64-linux-gnu/libstdc++.so.6.0.17
7f000dbf4000-7f000dbf6000 rw-p 000ec000 08:07 262638                     /usr/lib/x86_64-linux-gnu/libstdc++.so.6.0.17
7f000dbf6000-7f000dc0b000 rw-p 00000000 00:00 0 
7f000dc0b000-7f000e5fb000 r-xp 00000000 08:07 273000                     /usr/lib/jvm/java-7-openjdk-amd64/jre/lib/amd64/server/libjvm.so
7f000e5fb000-7f000e7fa000 ---p 009f0000 08:07 273000                     /usr/lib/jvm/java-7-openjdk-amd64/jre/lib/amd64/server/libjvm.so
7f000e7fa000-7f000e879000 r--p 009ef000 08:07 273000                     /usr/lib/jvm/java-7-openjdk-amd64/jre/lib/amd64/server/libjvm.so
7f000e879000-7f000e89c000 rw-p 00a6e000 08:07 273000                     /usr/lib/jvm/java-7-openjdk-amd64/jre/lib/amd64/server/libjvm.so
7f000e89c000-7f000e8c7000 rw-p 00000000 00:00 0 
7f000e8c7000-7f000e8dd000 r-xp 00000000 08:07 923602                     /lib/x86_64-linux-gnu/libz.so.1.2.7
7f000e8dd000-7f000eadc000 ---p 00016000 08:07 923602                     /lib/x86_64-linux-gnu/libz.so.1.2.7
7f000eadc000-7f000eadd000 r--p 00015000 08:07 923602                     /lib/x86_64-linux-gnu/libz.so.1.2.7
7f000eadd000-7f000eade000 rw-p 00016000 08:07 923602                     /lib/x86_64-linux-gnu/libz.so.1.2.7
7f000eade000-7f000eaf6000 r-xp 00000000 08:07 922536                     /lib/x86_64-linux-gnu/libpthread-2.17.so
7f000eaf6000-7f000ecf5000 ---p 00018000 08:07 922536                     /lib/x86_64-linux-gnu/libpthread-2.17.so
7f000ecf5000-7f000ecf6000 r--p 00017000 08:07 922536                     /lib/x86_64-linux-gnu/libpthread-2.17.so
7f000ecf6000-7f000ecf7000 rw-p 00018000 08:07 922536                     /lib/x86_64-linux-gnu/libpthread-2.17.so
7f000ecf7000-7f000ecfb000 rw-p 00000000 00:00 0 
7f000ecfb000-7f000ecfe000 r-xp 00000000 08:07 921768                     /lib/x86_64-linux-gnu/libdl-2.17.so
7f000ecfe000-7f000eefd000 ---p 00003000 08:07 921768                     /lib/x86_64-linux-gnu/libdl-2.17.so
7f000eefd000-7f000eefe000 r--p 00002000 08:07 921768                     /lib/x86_64-linux-gnu/libdl-2.17.so
7f000eefe000-7f000eeff000 rw-p 00003000 08:07 921768                     /lib/x86_64-linux-gnu/libdl-2.17.so
7f000eeff000-7f000f0bd000 r-xp 00000000 08:07 921755                     /lib/x86_64-linux-gnu/libc-2.17.so
7f000f0bd000-7f000f2bc000 ---p 001be000 08:07 921755                     /lib/x86_64-linux-gnu/libc-2.17.so
7f000f2bc000-7f000f2c0000 r--p 001bd000 08:07 921755                     /lib/x86_64-linux-gnu/libc-2.17.so
7f000f2c0000-7f000f2c2000 rw-p 001c1000 08:07 921755                     /lib/x86_64-linux-gnu/libc-2.17.so
7f000f2c2000-7f000f2c7000 rw-p 00000000 00:00 0 
7f000f2c7000-7f000f2d4000 r-xp 00000000 08:07 272697                     /usr/lib/jvm/java-7-openjdk-amd64/jre/lib/amd64/jli/libjli.so
7f000f2d4000-7f000f4d3000 ---p 0000d000 08:07 272697                     /usr/lib/jvm/java-7-openjdk-amd64/jre/lib/amd64/jli/libjli.so
7f000f4d3000-7f000f4d4000 r--p 0000c000 08:07 272697                     /usr/lib/jvm/java-7-openjdk-amd64/jre/lib/amd64/jli/libjli.so
7f000f4d4000-7f000f4d5000 rw-p 0000d000 08:07 272697                     /usr/lib/jvm/java-7-openjdk-amd64/jre/lib/amd64/jli/libjli.so
7f000f4d5000-7f000f4f8000 r-xp 00000000 08:07 921521                     /lib/x86_64-linux-gnu/ld-2.17.so
7f000f50a000-7f000f514000 rw-p 00000000 00:00 0 
7f000f514000-7f000f5ca000 rw-p 00000000 00:00 0 
7f000f5ca000-7f000f5cd000 ---p 00000000 00:00 0 
7f000f5cd000-7f000f6d0000 rw-p 00000000 00:00 0                          [stack:18504]
7f000f6e9000-7f000f6eb000 rw-p 00000000 00:00 0 
7f000f6eb000-7f000f6f3000 rw-s 00000000 08:07 1311281                    /tmp/hsperfdata_filip/18503
7f000f6f3000-7f000f6f4000 rw-p 00000000 00:00 0 
7f000f6f4000-7f000f6f5000 r--p 00000000 00:00 0 
7f000f6f5000-7f000f6f7000 rw-p 00000000 00:00 0 
7f000f6f7000-7f000f6f8000 r--p 00022000 08:07 921521                     /lib/x86_64-linux-gnu/ld-2.17.so
7f000f6f8000-7f000f6fa000 rw-p 00023000 08:07 921521                     /lib/x86_64-linux-gnu/ld-2.17.so
7fff14f2f000-7fff14f50000 rw-p 00000000 00:00 0                          [stack]
7fff14fff000-7fff15000000 r-xp 00000000 00:00 0                          [vdso]
ffffffffff600000-ffffffffff601000 r-xp 00000000 00:00 0                  [vsyscall]

VM Arguments:
jvm_args: -Dfile.encoding=UTF-8 -Xbootclasspath:/home/filip/android-sdks/platforms/android-17/android.jar 
java_command: sk.ayazi.glstnzastupovanie.Zastup
Launcher Type: SUN_STANDARD

Environment Variables:
PATH=/usr/local/sbin:/usr/local/bin:/usr/sbin:/usr/bin:/sbin:/bin:/usr/games:/usr/local/games
USERNAME=filip
SHELL=/bin/bash
DISPLAY=:0

Signal Handlers:
SIGSEGV: [libjvm.so+0x84f410], sa_mask[0]=0x7ffbfeff, sa_flags=0x10000004
SIGBUS: [libjvm.so+0x84f410], sa_mask[0]=0x7ffbfeff, sa_flags=0x10000004
SIGFPE: [libjvm.so+0x6f19a0], sa_mask[0]=0x7ffbfeff, sa_flags=0x10000004
SIGPIPE: [libjvm.so+0x6f19a0], sa_mask[0]=0x7ffbfeff, sa_flags=0x10000004
SIGXFSZ: [libjvm.so+0x6f19a0], sa_mask[0]=0x7ffbfeff, sa_flags=0x10000004
SIGILL: [libjvm.so+0x6f19a0], sa_mask[0]=0x7ffbfeff, sa_flags=0x10000004
SIGUSR1: SIG_DFL, sa_mask[0]=0x00000000, sa_flags=0x00000000
SIGUSR2: [libjvm.so+0x6f1d70], sa_mask[0]=0x00000004, sa_flags=0x10000004
SIGHUP: SIG_DFL, sa_mask[0]=0x00000000, sa_flags=0x00000000
SIGINT: SIG_DFL, sa_mask[0]=0x00000000, sa_flags=0x00000000
SIGTERM: SIG_DFL, sa_mask[0]=0x00000000, sa_flags=0x00000000
SIGQUIT: SIG_DFL, sa_mask[0]=0x00000000, sa_flags=0x00000000


---------------  S Y S T E M  ---------------

OS:LinuxMint 15 (olivia)
uname:Linux 3.12.0-rc1cdt #1 Mon Sep 23 21:21:27 CEST 2013 x86_64
libc:glibc 2.17 NPTL 2.17 
rlimit: STACK 8192k, CORE 0k, NPROC 23930, NOFILE 4096, AS infinity
load average:0.53 0.41 0.50

/proc/meminfo:
MemTotal:        3077072 kB
MemFree:          360352 kB
Buffers:          149712 kB
Cached:           992156 kB
SwapCached:            0 kB
Active:          1508876 kB
Inactive:         899272 kB
Active(anon):    1267228 kB
Inactive(anon):    12416 kB
Active(file):     241648 kB
Inactive(file):   886856 kB
Unevictable:           0 kB
Mlocked:               0 kB
SwapTotal:        812024 kB
SwapFree:         812024 kB
Dirty:               312 kB
Writeback:             0 kB
AnonPages:       1266284 kB
Mapped:           248916 kB
Shmem:             13360 kB
Slab:              85464 kB
SReclaimable:      63804 kB
SUnreclaim:        21660 kB
KernelStack:        3576 kB
PageTables:        21160 kB
NFS_Unstable:          0 kB
Bounce:                0 kB
WritebackTmp:          0 kB
CommitLimit:     2350560 kB
Committed_AS:    3490300 kB
VmallocTotal:   34359738367 kB
VmallocUsed:       88904 kB
VmallocChunk:   34359642299 kB
HardwareCorrupted:     0 kB
AnonHugePages:         0 kB
HugePages_Total:       0
HugePages_Free:        0
HugePages_Rsvd:        0
HugePages_Surp:        0
Hugepagesize:       2048 kB
DirectMap4k:      137440 kB
DirectMap2M:     3006464 kB


CPU:total 1 (2 cores per cpu, 1 threads per core) family 17 model 3 stepping 1, cmov, cx8, fxsr, mmx, sse, sse2, sse3, mmxext, 3dnowpref, tsc, tscinvbit

/proc/cpuinfo:
processor	: 0
vendor_id	: AuthenticAMD
cpu family	: 17
model		: 3
model name	: AMD Turion(tm) X2 Ultra Dual-Core Mobile ZM-82
stepping	: 1
microcode	: 0x2000032
cpu MHz		: 2200.000
cache size	: 1024 KB
fpu		: yes
fpu_exception	: yes
cpuid level	: 1
wp		: yes
flags		: fpu vme de pse tsc msr pae mce cx8 apic sep mtrr pge mca cmov pat pse36 clflush mmx fxsr sse sse2 ht syscall nx mmxext fxsr_opt rdtscp lm 3dnowext 3dnow constant_tsc rep_good nopl nonstop_tsc extd_apicid pni cx16 lahf_lm cmp_legacy svm extapic cr8_legacy 3dnowprefetch osvw skinit hw_pstate lbrv svm_lock nrip_save
bogomips	: 4401.33
TLB size	: 1024 4K pages
clflush size	: 64
cache_alignment	: 64
address sizes	: 40 bits physical, 48 bits virtual
power management: ts ttp tm stc 100mhzsteps hwpstate



Memory: 4k page, physical 3077072k(360352k free), swap 812024k(812024k free)

vm_info: OpenJDK 64-Bit Server VM (23.7-b01) for linux-amd64 JRE (1.7.0_25-b30), built on Jul  3 2013 13:50:39 by "buildd" with gcc 4.7.3

time: Thu Sep 26 09:31:24 2013
elapsed time: 0 seconds

