#
# A fatal error has been detected by the Java Runtime Environment:
#
#  Internal Error (javaClasses.cpp:129), pid=27033, tid=140315605509888
#  fatal error: Invalid layout of preloaded class
#
# JRE version: 7.0_09-b30
# Java VM: OpenJDK 64-Bit Server VM (23.2-b09 mixed mode linux-amd64 compressed oops)
# Failed to write core dump. Core dumps have been disabled. To enable core dumping, try "ulimit -c unlimited" before starting Java again
#
# If you would like to submit a bug report, please include
# instructions on how to reproduce the bug and visit:
#   https://bugs.launchpad.net/ubuntu/+source/openjdk-7/
#

---------------  T H R E A D  ---------------

Current thread (0x00007f9dbc009000):  JavaThread "Unknown thread" [_thread_in_vm, id=27038, stack(0x00007f9dc5c2a000,0x00007f9dc5d2b000)]

Stack: [0x00007f9dc5c2a000,0x00007f9dc5d2b000],  sp=0x00007f9dc5d299e0,  free space=1022k
Native frames: (J=compiled Java code, j=interpreted, Vv=VM code, C=native code)
V  [libjvm.so+0x856a0b]  VMError::report_and_die()+0x16b
V  [libjvm.so+0x3ee247]  report_fatal(char const*, int, char const*)+0x57
V  [libjvm.so+0x52abda]  compute_offset(int&, klassOopDesc*, Symbol*, Symbol*, bool) [clone .constprop.122]+0x11a
V  [libjvm.so+0x52ace6]  java_lang_String::compute_offsets()+0x36
V  [libjvm.so+0x7e358d]  SystemDictionary::initialize_preloaded_classes(Thread*)+0x3d
V  [libjvm.so+0x8304e8]  Universe::genesis(Thread*)+0x468
V  [libjvm.so+0x83099f]  universe2_init()+0x1f
V  [libjvm.so+0x4df4ba]  init_globals()+0x9a
V  [libjvm.so+0x813f0c]  Threads::create_vm(JavaVMInitArgs*, bool*)+0x39c
V  [libjvm.so+0x547868]  JNI_CreateJavaVM+0x58
C  [libjli.so+0x28f4]  __strcat_chk+0x28f4


---------------  P R O C E S S  ---------------

Java Threads: ( => current thread )

Other Threads:

=>0x00007f9dbc009000 (exited) JavaThread "Unknown thread" [_thread_in_vm, id=27038, stack(0x00007f9dc5c2a000,0x00007f9dc5d2b000)]

VM state:not at safepoint (not fully initialized)

VM Mutex/Monitor currently owned by a thread: None

GC Heap History (0 events):
No events

Deoptimization events (0 events):
No events

Internal exceptions (0 events):
No events

Events (10 events):
Event: 0.010 loading class 0x00007f9dbc0271f0 done
Event: 0.011 loading class 0x00007f9dbc026a90 done
Event: 0.011 loading class 0x00007f9dbc026a60
Event: 0.011 loading class 0x00007f9dbc051c10
Event: 0.011 loading class 0x00007f9dbc051c10 done
Event: 0.011 loading class 0x00007f9dbc051c50
Event: 0.011 loading class 0x00007f9dbc051c50 done
Event: 0.011 loading class 0x00007f9dbc051c90
Event: 0.011 loading class 0x00007f9dbc051c90 done
Event: 0.011 loading class 0x00007f9dbc026a60 done


Dynamic libraries:
00400000-00401000 r-xp 00000000 08:07 275456                             /usr/lib/jvm/java-7-openjdk-amd64/jre/bin/java
00600000-00601000 r--p 00000000 08:07 275456                             /usr/lib/jvm/java-7-openjdk-amd64/jre/bin/java
00601000-00602000 rw-p 00001000 08:07 275456                             /usr/lib/jvm/java-7-openjdk-amd64/jre/bin/java
02323000-02344000 rw-p 00000000 00:00 0                                  [heap]
c6800000-c7cc0000 rw-p 00000000 00:00 0 
c7cc0000-d0e00000 rw-p 00000000 00:00 0 
d0e00000-d2d60000 rw-p 00000000 00:00 0 
d2d60000-f04b0000 rw-p 00000000 00:00 0 
f04b0000-f1460000 rw-p 00000000 00:00 0 
f1460000-100000000 rw-p 00000000 00:00 0 
7f9dac000000-7f9dac021000 rw-p 00000000 00:00 0 
7f9dac021000-7f9db0000000 ---p 00000000 00:00 0 
7f9db4000000-7f9db4021000 rw-p 00000000 00:00 0 
7f9db4021000-7f9db8000000 ---p 00000000 00:00 0 
7f9db8cf9000-7f9db8f3b000 rw-p 00000000 00:00 0 
7f9db8f3b000-7f9db9000000 r--s 0115c000 08:07 585137                     /home/filip/android-sdks/platforms/android-17/android.jar
7f9db9000000-7f9db9270000 rwxp 00000000 00:00 0 
7f9db9270000-7f9dbc05c000 rw-p 00000000 00:00 0 
7f9dbc05c000-7f9dc0000000 ---p 00000000 00:00 0 
7f9dc0075000-7f9dc2465000 rw-p 00000000 00:00 0 
7f9dc2465000-7f9dc2466000 ---p 00000000 00:00 0 
7f9dc2466000-7f9dc2566000 rw-p 00000000 00:00 0                          [stack:27040]
7f9dc2566000-7f9dc2567000 ---p 00000000 00:00 0 
7f9dc2567000-7f9dc2672000 rw-p 00000000 00:00 0                          [stack:27039]
7f9dc2672000-7f9dc26ba000 rw-p 00000000 00:00 0 
7f9dc26ba000-7f9dc26ca000 rw-p 00000000 00:00 0 
7f9dc26ca000-7f9dc27b6000 rw-p 00000000 00:00 0 
7f9dc27b6000-7f9dc27c1000 rw-p 00000000 00:00 0 
7f9dc27c1000-7f9dc2809000 rw-p 00000000 00:00 0 
7f9dc2809000-7f9dc2819000 rw-p 00000000 00:00 0 
7f9dc2819000-7f9dc2904000 rw-p 00000000 00:00 0 
7f9dc2904000-7f9dc290d000 rw-p 00000000 00:00 0 
7f9dc290d000-7f9dc2982000 rw-p 00000000 00:00 0 
7f9dc2982000-7f9dc2983000 rw-p 00000000 00:00 0 
7f9dc2983000-7f9dc298b000 r-xp 00000000 08:07 275455                     /usr/lib/jvm/java-7-openjdk-amd64/jre/lib/amd64/libzip.so
7f9dc298b000-7f9dc2b8a000 ---p 00008000 08:07 275455                     /usr/lib/jvm/java-7-openjdk-amd64/jre/lib/amd64/libzip.so
7f9dc2b8a000-7f9dc2b8b000 r--p 00007000 08:07 275455                     /usr/lib/jvm/java-7-openjdk-amd64/jre/lib/amd64/libzip.so
7f9dc2b8b000-7f9dc2b8c000 rw-p 00008000 08:07 275455                     /usr/lib/jvm/java-7-openjdk-amd64/jre/lib/amd64/libzip.so
7f9dc2b8c000-7f9dc2b98000 r-xp 00000000 08:07 921818                     /lib/x86_64-linux-gnu/libnss_files-2.15.so
7f9dc2b98000-7f9dc2d97000 ---p 0000c000 08:07 921818                     /lib/x86_64-linux-gnu/libnss_files-2.15.so
7f9dc2d97000-7f9dc2d98000 r--p 0000b000 08:07 921818                     /lib/x86_64-linux-gnu/libnss_files-2.15.so
7f9dc2d98000-7f9dc2d99000 rw-p 0000c000 08:07 921818                     /lib/x86_64-linux-gnu/libnss_files-2.15.so
7f9dc2d99000-7f9dc2da3000 r-xp 00000000 08:07 921822                     /lib/x86_64-linux-gnu/libnss_nis-2.15.so
7f9dc2da3000-7f9dc2fa3000 ---p 0000a000 08:07 921822                     /lib/x86_64-linux-gnu/libnss_nis-2.15.so
7f9dc2fa3000-7f9dc2fa4000 r--p 0000a000 08:07 921822                     /lib/x86_64-linux-gnu/libnss_nis-2.15.so
7f9dc2fa4000-7f9dc2fa5000 rw-p 0000b000 08:07 921822                     /lib/x86_64-linux-gnu/libnss_nis-2.15.so
7f9dc2fa5000-7f9dc2fbc000 r-xp 00000000 08:07 921812                     /lib/x86_64-linux-gnu/libnsl-2.15.so
7f9dc2fbc000-7f9dc31bb000 ---p 00017000 08:07 921812                     /lib/x86_64-linux-gnu/libnsl-2.15.so
7f9dc31bb000-7f9dc31bc000 r--p 00016000 08:07 921812                     /lib/x86_64-linux-gnu/libnsl-2.15.so
7f9dc31bc000-7f9dc31bd000 rw-p 00017000 08:07 921812                     /lib/x86_64-linux-gnu/libnsl-2.15.so
7f9dc31bd000-7f9dc31bf000 rw-p 00000000 00:00 0 
7f9dc31bf000-7f9dc31c7000 r-xp 00000000 08:07 921814                     /lib/x86_64-linux-gnu/libnss_compat-2.15.so
7f9dc31c7000-7f9dc33c6000 ---p 00008000 08:07 921814                     /lib/x86_64-linux-gnu/libnss_compat-2.15.so
7f9dc33c6000-7f9dc33c7000 r--p 00007000 08:07 921814                     /lib/x86_64-linux-gnu/libnss_compat-2.15.so
7f9dc33c7000-7f9dc33c8000 rw-p 00008000 08:07 921814                     /lib/x86_64-linux-gnu/libnss_compat-2.15.so
7f9dc33c8000-7f9dc33f3000 r-xp 00000000 08:07 275440                     /usr/lib/jvm/java-7-openjdk-amd64/jre/lib/amd64/libjava.so
7f9dc33f3000-7f9dc35f2000 ---p 0002b000 08:07 275440                     /usr/lib/jvm/java-7-openjdk-amd64/jre/lib/amd64/libjava.so
7f9dc35f2000-7f9dc35f3000 r--p 0002a000 08:07 275440                     /usr/lib/jvm/java-7-openjdk-amd64/jre/lib/amd64/libjava.so
7f9dc35f3000-7f9dc35f5000 rw-p 0002b000 08:07 275440                     /usr/lib/jvm/java-7-openjdk-amd64/jre/lib/amd64/libjava.so
7f9dc35f5000-7f9dc3604000 r-xp 00000000 08:07 275439                     /usr/lib/jvm/java-7-openjdk-amd64/jre/lib/amd64/libverify.so
7f9dc3604000-7f9dc3803000 ---p 0000f000 08:07 275439                     /usr/lib/jvm/java-7-openjdk-amd64/jre/lib/amd64/libverify.so
7f9dc3803000-7f9dc3805000 r--p 0000e000 08:07 275439                     /usr/lib/jvm/java-7-openjdk-amd64/jre/lib/amd64/libverify.so
7f9dc3805000-7f9dc3806000 rw-p 00010000 08:07 275439                     /usr/lib/jvm/java-7-openjdk-amd64/jre/lib/amd64/libverify.so
7f9dc3806000-7f9dc380d000 r-xp 00000000 08:07 921857                     /lib/x86_64-linux-gnu/librt-2.15.so
7f9dc380d000-7f9dc3a0c000 ---p 00007000 08:07 921857                     /lib/x86_64-linux-gnu/librt-2.15.so
7f9dc3a0c000-7f9dc3a0d000 r--p 00006000 08:07 921857                     /lib/x86_64-linux-gnu/librt-2.15.so
7f9dc3a0d000-7f9dc3a0e000 rw-p 00007000 08:07 921857                     /lib/x86_64-linux-gnu/librt-2.15.so
7f9dc3a0e000-7f9dc3a23000 r-xp 00000000 08:07 921778                     /lib/x86_64-linux-gnu/libgcc_s.so.1
7f9dc3a23000-7f9dc3c22000 ---p 00015000 08:07 921778                     /lib/x86_64-linux-gnu/libgcc_s.so.1
7f9dc3c22000-7f9dc3c23000 r--p 00014000 08:07 921778                     /lib/x86_64-linux-gnu/libgcc_s.so.1
7f9dc3c23000-7f9dc3c24000 rw-p 00015000 08:07 921778                     /lib/x86_64-linux-gnu/libgcc_s.so.1
7f9dc3c24000-7f9dc3d1f000 r-xp 00000000 08:07 921795                     /lib/x86_64-linux-gnu/libm-2.15.so
7f9dc3d1f000-7f9dc3f1e000 ---p 000fb000 08:07 921795                     /lib/x86_64-linux-gnu/libm-2.15.so
7f9dc3f1e000-7f9dc3f1f000 r--p 000fa000 08:07 921795                     /lib/x86_64-linux-gnu/libm-2.15.so
7f9dc3f1f000-7f9dc3f20000 rw-p 000fb000 08:07 921795                     /lib/x86_64-linux-gnu/libm-2.15.so
7f9dc3f20000-7f9dc4005000 r-xp 00000000 08:07 272737                     /usr/lib/x86_64-linux-gnu/libstdc++.so.6.0.17
7f9dc4005000-7f9dc4204000 ---p 000e5000 08:07 272737                     /usr/lib/x86_64-linux-gnu/libstdc++.so.6.0.17
7f9dc4204000-7f9dc420c000 r--p 000e4000 08:07 272737                     /usr/lib/x86_64-linux-gnu/libstdc++.so.6.0.17
7f9dc420c000-7f9dc420e000 rw-p 000ec000 08:07 272737                     /usr/lib/x86_64-linux-gnu/libstdc++.so.6.0.17
7f9dc420e000-7f9dc4223000 rw-p 00000000 00:00 0 
7f9dc4223000-7f9dc4c1e000 r-xp 00000000 08:07 275444                     /usr/lib/jvm/java-7-openjdk-amd64/jre/lib/amd64/server/libjvm.so
7f9dc4c1e000-7f9dc4e1d000 ---p 009fb000 08:07 275444                     /usr/lib/jvm/java-7-openjdk-amd64/jre/lib/amd64/server/libjvm.so
7f9dc4e1d000-7f9dc4e9c000 r--p 009fa000 08:07 275444                     /usr/lib/jvm/java-7-openjdk-amd64/jre/lib/amd64/server/libjvm.so
7f9dc4e9c000-7f9dc4ebf000 rw-p 00a79000 08:07 275444                     /usr/lib/jvm/java-7-openjdk-amd64/jre/lib/amd64/server/libjvm.so
7f9dc4ebf000-7f9dc4eea000 rw-p 00000000 00:00 0 
7f9dc4eea000-7f9dc4f00000 r-xp 00000000 08:07 921887                     /lib/x86_64-linux-gnu/libz.so.1.2.7
7f9dc4f00000-7f9dc50ff000 ---p 00016000 08:07 921887                     /lib/x86_64-linux-gnu/libz.so.1.2.7
7f9dc50ff000-7f9dc5100000 r--p 00015000 08:07 921887                     /lib/x86_64-linux-gnu/libz.so.1.2.7
7f9dc5100000-7f9dc5101000 rw-p 00016000 08:07 921887                     /lib/x86_64-linux-gnu/libz.so.1.2.7
7f9dc5101000-7f9dc5119000 r-xp 00000000 08:07 921849                     /lib/x86_64-linux-gnu/libpthread-2.15.so
7f9dc5119000-7f9dc5318000 ---p 00018000 08:07 921849                     /lib/x86_64-linux-gnu/libpthread-2.15.so
7f9dc5318000-7f9dc5319000 r--p 00017000 08:07 921849                     /lib/x86_64-linux-gnu/libpthread-2.15.so
7f9dc5319000-7f9dc531a000 rw-p 00018000 08:07 921849                     /lib/x86_64-linux-gnu/libpthread-2.15.so
7f9dc531a000-7f9dc531e000 rw-p 00000000 00:00 0 
7f9dc531e000-7f9dc5320000 r-xp 00000000 08:07 921768                     /lib/x86_64-linux-gnu/libdl-2.15.so
7f9dc5320000-7f9dc5520000 ---p 00002000 08:07 921768                     /lib/x86_64-linux-gnu/libdl-2.15.so
7f9dc5520000-7f9dc5521000 r--p 00002000 08:07 921768                     /lib/x86_64-linux-gnu/libdl-2.15.so
7f9dc5521000-7f9dc5522000 rw-p 00003000 08:07 921768                     /lib/x86_64-linux-gnu/libdl-2.15.so
7f9dc5522000-7f9dc56d7000 r-xp 00000000 08:07 921753                     /lib/x86_64-linux-gnu/libc-2.15.so
7f9dc56d7000-7f9dc58d6000 ---p 001b5000 08:07 921753                     /lib/x86_64-linux-gnu/libc-2.15.so
7f9dc58d6000-7f9dc58da000 r--p 001b4000 08:07 921753                     /lib/x86_64-linux-gnu/libc-2.15.so
7f9dc58da000-7f9dc58dc000 rw-p 001b8000 08:07 921753                     /lib/x86_64-linux-gnu/libc-2.15.so
7f9dc58dc000-7f9dc58e1000 rw-p 00000000 00:00 0 
7f9dc5902000-7f9dc590f000 r-xp 00000000 08:07 275423                     /usr/lib/jvm/java-7-openjdk-amd64/jre/lib/amd64/jli/libjli.so
7f9dc590f000-7f9dc5b0e000 ---p 0000d000 08:07 275423                     /usr/lib/jvm/java-7-openjdk-amd64/jre/lib/amd64/jli/libjli.so
7f9dc5b0e000-7f9dc5b0f000 r--p 0000c000 08:07 275423                     /usr/lib/jvm/java-7-openjdk-amd64/jre/lib/amd64/jli/libjli.so
7f9dc5b0f000-7f9dc5b10000 rw-p 0000d000 08:07 275423                     /usr/lib/jvm/java-7-openjdk-amd64/jre/lib/amd64/jli/libjli.so
7f9dc5b10000-7f9dc5b32000 r-xp 00000000 08:07 921731                     /lib/x86_64-linux-gnu/ld-2.15.so
7f9dc5b37000-7f9dc5b6a000 rw-p 00000000 00:00 0 
7f9dc5b6a000-7f9dc5c20000 rw-p 00000000 00:00 0 
7f9dc5c20000-7f9dc5c28000 rw-s 00000000 08:07 571816                     /tmp/hsperfdata_filip/27033
7f9dc5c28000-7f9dc5c29000 rw-p 00000000 00:00 0 
7f9dc5c29000-7f9dc5c2a000 r--p 00000000 00:00 0 
7f9dc5c2a000-7f9dc5c2d000 ---p 00000000 00:00 0 
7f9dc5c2d000-7f9dc5d32000 rw-p 00000000 00:00 0                          [stack:27038]
7f9dc5d32000-7f9dc5d33000 r--p 00022000 08:07 921731                     /lib/x86_64-linux-gnu/ld-2.15.so
7f9dc5d33000-7f9dc5d35000 rw-p 00023000 08:07 921731                     /lib/x86_64-linux-gnu/ld-2.15.so
7fffce2ee000-7fffce30f000 rw-p 00000000 00:00 0                          [stack]
7fffce3ff000-7fffce400000 r-xp 00000000 00:00 0                          [vdso]
ffffffffff600000-ffffffffff601000 r-xp 00000000 00:00 0                  [vsyscall]

VM Arguments:
jvm_args: -Dfile.encoding=UTF-8 -Xbootclasspath:/home/filip/android-sdks/platforms/android-17/android.jar 
java_command: sk.ayazi.glstnzastupovanie.Zastup
Launcher Type: SUN_STANDARD

Environment Variables:
PATH=/usr/local/sbin:/usr/local/bin:/usr/sbin:/usr/bin:/sbin:/bin:/usr/games:/usr/local/games
USERNAME=filip
SHELL=/bin/bash
DISPLAY=:0

Signal Handlers:
SIGSEGV: [libjvm.so+0x8574f0], sa_mask[0]=0x7ffbfeff, sa_flags=0x10000004
SIGBUS: [libjvm.so+0x8574f0], sa_mask[0]=0x7ffbfeff, sa_flags=0x10000004
SIGFPE: [libjvm.so+0x6f81f0], sa_mask[0]=0x7ffbfeff, sa_flags=0x10000004
SIGPIPE: [libjvm.so+0x6f81f0], sa_mask[0]=0x7ffbfeff, sa_flags=0x10000004
SIGXFSZ: [libjvm.so+0x6f81f0], sa_mask[0]=0x7ffbfeff, sa_flags=0x10000004
SIGILL: [libjvm.so+0x6f81f0], sa_mask[0]=0x7ffbfeff, sa_flags=0x10000004
SIGUSR1: SIG_DFL, sa_mask[0]=0x00000000, sa_flags=0x00000000
SIGUSR2: [libjvm.so+0x6f8440], sa_mask[0]=0x00000004, sa_flags=0x10000004
SIGHUP: SIG_DFL, sa_mask[0]=0x00000000, sa_flags=0x00000000
SIGINT: SIG_DFL, sa_mask[0]=0x00000000, sa_flags=0x00000000
SIGTERM: SIG_DFL, sa_mask[0]=0x00000000, sa_flags=0x00000000
SIGQUIT: SIG_DFL, sa_mask[0]=0x00000000, sa_flags=0x00000000


---------------  S Y S T E M  ---------------

OS:LinuxMint 14 (nadia)
uname:Linux 3.5.0-21-generic #32-Ubuntu SMP Tue Dec 11 18:51:59 UTC 2012 x86_64
libc:glibc 2.15 NPTL 2.15 
rlimit: STACK 8192k, CORE 0k, NPROC 23930, NOFILE 4096, AS infinity
load average:1.62 1.44 1.34

/proc/meminfo:
MemTotal:        3081516 kB
MemFree:          269608 kB
Buffers:          108880 kB
Cached:           757048 kB
SwapCached:        43868 kB
Active:          1755836 kB
Inactive:         718492 kB
Active(anon):    1332432 kB
Inactive(anon):   286292 kB
Active(file):     423404 kB
Inactive(file):   432200 kB
Unevictable:           0 kB
Mlocked:               0 kB
SwapTotal:        812028 kB
SwapFree:         699584 kB
Dirty:               396 kB
Writeback:             0 kB
AnonPages:       1570528 kB
Mapped:           216924 kB
Shmem:             10324 kB
Slab:             121808 kB
SReclaimable:      97956 kB
SUnreclaim:        23852 kB
KernelStack:        3568 kB
PageTables:        23420 kB
NFS_Unstable:          0 kB
Bounce:                0 kB
WritebackTmp:          0 kB
CommitLimit:     2352784 kB
Committed_AS:    4160464 kB
VmallocTotal:   34359738367 kB
VmallocUsed:      106172 kB
VmallocChunk:   34359626268 kB
HardwareCorrupted:     0 kB
AnonHugePages:         0 kB
HugePages_Total:       0
HugePages_Free:        0
HugePages_Rsvd:        0
HugePages_Surp:        0
Hugepagesize:       2048 kB
DirectMap4k:     2786304 kB
DirectMap2M:      358400 kB


CPU:total 2 (2 cores per cpu, 1 threads per core) family 17 model 3 stepping 1, cmov, cx8, fxsr, mmx, sse, sse2, sse3, mmxext, 3dnowpref, tsc, tscinvbit

/proc/cpuinfo:
processor	: 0
vendor_id	: AuthenticAMD
cpu family	: 17
model		: 3
model name	: AMD Turion(tm) X2 Ultra Dual-Core Mobile ZM-82
stepping	: 1
microcode	: 0x2000032
cpu MHz		: 2200.000
cache size	: 1024 KB
physical id	: 0
siblings	: 2
core id		: 0
cpu cores	: 2
apicid		: 0
initial apicid	: 0
fpu		: yes
fpu_exception	: yes
cpuid level	: 1
wp		: yes
flags		: fpu vme de pse tsc msr pae mce cx8 apic sep mtrr pge mca cmov pat pse36 clflush mmx fxsr sse sse2 ht syscall nx mmxext fxsr_opt rdtscp lm 3dnowext 3dnow constant_tsc rep_good nopl nonstop_tsc extd_apicid pni cx16 lahf_lm cmp_legacy svm extapic cr8_legacy 3dnowprefetch osvw skinit hw_pstate lbrv svm_lock nrip_save
bogomips	: 4400.42
TLB size	: 1024 4K pages
clflush size	: 64
cache_alignment	: 64
address sizes	: 40 bits physical, 48 bits virtual
power management: ts ttp tm stc 100mhzsteps hwpstate

processor	: 1
vendor_id	: AuthenticAMD
cpu family	: 17
model		: 3
model name	: AMD Turion(tm) X2 Ultra Dual-Core Mobile ZM-82
stepping	: 1
microcode	: 0x2000032
cpu MHz		: 2200.000
cache size	: 1024 KB
physical id	: 0
siblings	: 2
core id		: 1
cpu cores	: 2
apicid		: 1
initial apicid	: 1
fpu		: yes
fpu_exception	: yes
cpuid level	: 1
wp		: yes
flags		: fpu vme de pse tsc msr pae mce cx8 apic sep mtrr pge mca cmov pat pse36 clflush mmx fxsr sse sse2 ht syscall nx mmxext fxsr_opt rdtscp lm 3dnowext 3dnow constant_tsc rep_good nopl nonstop_tsc extd_apicid pni cx16 lahf_lm cmp_legacy svm extapic cr8_legacy 3dnowprefetch osvw skinit hw_pstate lbrv svm_lock nrip_save
bogomips	: 4400.42
TLB size	: 1024 4K pages
clflush size	: 64
cache_alignment	: 64
address sizes	: 40 bits physical, 48 bits virtual
power management: ts ttp tm stc 100mhzsteps hwpstate



Memory: 4k page, physical 3081516k(269608k free), swap 812028k(699584k free)

vm_info: OpenJDK 64-Bit Server VM (23.2-b09) for linux-amd64 JRE (1.7.0_09-b30), built on Jan 16 2013 03:28:09 by "buildd" with gcc 4.7.2

time: Fri Feb 22 19:50:35 2013
elapsed time: 0 seconds

