#
# A fatal error has been detected by the Java Runtime Environment:
#
#  Internal Error (javaClasses.cpp:129), pid=24530, tid=140579221092096
#  fatal error: Invalid layout of preloaded class
#
# JRE version: 7.0_25-b30
# Java VM: OpenJDK 64-Bit Server VM (23.7-b01 mixed mode linux-amd64 compressed oops)
# Failed to write core dump. Core dumps have been disabled. To enable core dumping, try "ulimit -c unlimited" before starting Java again
#
# If you would like to submit a bug report, please include
# instructions on how to reproduce the bug and visit:
#   https://bugs.launchpad.net/ubuntu/+source/openjdk-7/
#

---------------  T H R E A D  ---------------

Current thread (0x00007fdb20009000):  JavaThread "Unknown thread" [_thread_in_vm, id=24535, stack(0x00007fdb26793000,0x00007fdb26894000)]

Stack: [0x00007fdb26793000,0x00007fdb26894000],  sp=0x00007fdb268929a0,  free space=1022k
Native frames: (J=compiled Java code, j=interpreted, Vv=VM code, C=native code)
V  [libjvm.so+0x84e92b]  VMError::report_and_die()+0x16b
V  [libjvm.so+0x3ebd57]  report_fatal(char const*, int, char const*)+0x57
V  [libjvm.so+0x528efa]  compute_offset(int&, klassOopDesc*, Symbol*, Symbol*, bool) [clone .constprop.123]+0x11a
V  [libjvm.so+0x529166]  java_lang_String::compute_offsets()+0x36
V  [libjvm.so+0x7dcf8d]  SystemDictionary::initialize_preloaded_classes(Thread*)+0x3d
V  [libjvm.so+0x829288]  Universe::genesis(Thread*)+0x468
V  [libjvm.so+0x82973f]  universe2_init()+0x1f
V  [libjvm.so+0x4dde1a]  init_globals()+0x9a
V  [libjvm.so+0x80d26c]  Threads::create_vm(JavaVMInitArgs*, bool*)+0x39c
V  [libjvm.so+0x545278]  JNI_CreateJavaVM+0x58
C  [libjli.so+0x2b34]  __strcat_chk+0x2b34


---------------  P R O C E S S  ---------------

Java Threads: ( => current thread )

Other Threads:

=>0x00007fdb20009000 (exited) JavaThread "Unknown thread" [_thread_in_vm, id=24535, stack(0x00007fdb26793000,0x00007fdb26894000)]

VM state:not at safepoint (not fully initialized)

VM Mutex/Monitor currently owned by a thread: None

GC Heap History (0 events):
No events

Deoptimization events (0 events):
No events

Internal exceptions (0 events):
No events

Events (10 events):
Event: 0.016 loading class 0x00007fdb20027240 done
Event: 0.016 loading class 0x00007fdb20026ae0 done
Event: 0.016 loading class 0x00007fdb20026ab0
Event: 0.016 loading class 0x00007fdb20051cc0
Event: 0.017 loading class 0x00007fdb20051cc0 done
Event: 0.017 loading class 0x00007fdb20051d00
Event: 0.017 loading class 0x00007fdb20051d00 done
Event: 0.017 loading class 0x00007fdb20051d40
Event: 0.017 loading class 0x00007fdb20051d40 done
Event: 0.017 loading class 0x00007fdb20026ab0 done


Dynamic libraries:
00400000-00401000 r-xp 00000000 08:07 273088                             /usr/lib/jvm/java-7-openjdk-amd64/jre/bin/java
00600000-00601000 r--p 00000000 08:07 273088                             /usr/lib/jvm/java-7-openjdk-amd64/jre/bin/java
00601000-00602000 rw-p 00001000 08:07 273088                             /usr/lib/jvm/java-7-openjdk-amd64/jre/bin/java
01611000-01632000 rw-p 00000000 00:00 0                                  [heap]
c6800000-c7cc0000 rw-p 00000000 00:00 0 
c7cc0000-d0e00000 rw-p 00000000 00:00 0 
d0e00000-d2d60000 rw-p 00000000 00:00 0 
d2d60000-f04b0000 rw-p 00000000 00:00 0 
f04b0000-f1460000 rw-p 00000000 00:00 0 
f1460000-100000000 rw-p 00000000 00:00 0 
7fdb0c000000-7fdb0c021000 rw-p 00000000 00:00 0 
7fdb0c021000-7fdb10000000 ---p 00000000 00:00 0 
7fdb14000000-7fdb14021000 rw-p 00000000 00:00 0 
7fdb14021000-7fdb18000000 ---p 00000000 00:00 0 
7fdb198c8000-7fdb19b0a000 rw-p 00000000 00:00 0 
7fdb19b0a000-7fdb19bcf000 r--s 0115c000 08:07 585137                     /home/filip/android-sdks/platforms/android-17/android.jar
7fdb19bcf000-7fdb1bfbf000 rw-p 00000000 00:00 0 
7fdb1bfbf000-7fdb1bfc0000 ---p 00000000 00:00 0 
7fdb1bfc0000-7fdb1c0c0000 rw-p 00000000 00:00 0                          [stack:24537]
7fdb1c0c0000-7fdb1c0c1000 ---p 00000000 00:00 0 
7fdb1c0c1000-7fdb1c1cc000 rw-p 00000000 00:00 0                          [stack:24536]
7fdb1c1cc000-7fdb1c214000 rw-p 00000000 00:00 0 
7fdb1c214000-7fdb1c224000 rw-p 00000000 00:00 0 
7fdb1c224000-7fdb1c30f000 rw-p 00000000 00:00 0 
7fdb1c30f000-7fdb1c318000 rw-p 00000000 00:00 0 
7fdb1c318000-7fdb1c38d000 rw-p 00000000 00:00 0 
7fdb1c38d000-7fdb1c38e000 rw-p 00000000 00:00 0 
7fdb1c38e000-7fdb1c5fe000 rwxp 00000000 00:00 0 
7fdb1c5fe000-7fdb1f38e000 rw-p 00000000 00:00 0 
7fdb1f38e000-7fdb1f396000 r-xp 00000000 08:07 273086                     /usr/lib/jvm/java-7-openjdk-amd64/jre/lib/amd64/libzip.so
7fdb1f396000-7fdb1f595000 ---p 00008000 08:07 273086                     /usr/lib/jvm/java-7-openjdk-amd64/jre/lib/amd64/libzip.so
7fdb1f595000-7fdb1f596000 r--p 00007000 08:07 273086                     /usr/lib/jvm/java-7-openjdk-amd64/jre/lib/amd64/libzip.so
7fdb1f596000-7fdb1f597000 rw-p 00008000 08:07 273086                     /usr/lib/jvm/java-7-openjdk-amd64/jre/lib/amd64/libzip.so
7fdb1f597000-7fdb1f5a3000 r-xp 00000000 08:07 922800                     /lib/x86_64-linux-gnu/libnss_files-2.17.so
7fdb1f5a3000-7fdb1f7a2000 ---p 0000c000 08:07 922800                     /lib/x86_64-linux-gnu/libnss_files-2.17.so
7fdb1f7a2000-7fdb1f7a3000 r--p 0000b000 08:07 922800                     /lib/x86_64-linux-gnu/libnss_files-2.17.so
7fdb1f7a3000-7fdb1f7a4000 rw-p 0000c000 08:07 922800                     /lib/x86_64-linux-gnu/libnss_files-2.17.so
7fdb1f7a4000-7fdb1f7af000 r-xp 00000000 08:07 922539                     /lib/x86_64-linux-gnu/libnss_nis-2.17.so
7fdb1f7af000-7fdb1f9ae000 ---p 0000b000 08:07 922539                     /lib/x86_64-linux-gnu/libnss_nis-2.17.so
7fdb1f9ae000-7fdb1f9af000 r--p 0000a000 08:07 922539                     /lib/x86_64-linux-gnu/libnss_nis-2.17.so
7fdb1f9af000-7fdb1f9b0000 rw-p 0000b000 08:07 922539                     /lib/x86_64-linux-gnu/libnss_nis-2.17.so
7fdb1f9b0000-7fdb1f9c7000 r-xp 00000000 08:07 921517                     /lib/x86_64-linux-gnu/libnsl-2.17.so
7fdb1f9c7000-7fdb1fbc6000 ---p 00017000 08:07 921517                     /lib/x86_64-linux-gnu/libnsl-2.17.so
7fdb1fbc6000-7fdb1fbc7000 r--p 00016000 08:07 921517                     /lib/x86_64-linux-gnu/libnsl-2.17.so
7fdb1fbc7000-7fdb1fbc8000 rw-p 00017000 08:07 921517                     /lib/x86_64-linux-gnu/libnsl-2.17.so
7fdb1fbc8000-7fdb1fbca000 rw-p 00000000 00:00 0 
7fdb1fbca000-7fdb1fbd2000 r-xp 00000000 08:07 921812                     /lib/x86_64-linux-gnu/libnss_compat-2.17.so
7fdb1fbd2000-7fdb1fdd1000 ---p 00008000 08:07 921812                     /lib/x86_64-linux-gnu/libnss_compat-2.17.so
7fdb1fdd1000-7fdb1fdd2000 r--p 00007000 08:07 921812                     /lib/x86_64-linux-gnu/libnss_compat-2.17.so
7fdb1fdd2000-7fdb1fdd3000 rw-p 00008000 08:07 921812                     /lib/x86_64-linux-gnu/libnss_compat-2.17.so
7fdb1fdd3000-7fdb1fdfe000 r-xp 00000000 08:07 272996                     /usr/lib/jvm/java-7-openjdk-amd64/jre/lib/amd64/libjava.so
7fdb1fdfe000-7fdb1fffd000 ---p 0002b000 08:07 272996                     /usr/lib/jvm/java-7-openjdk-amd64/jre/lib/amd64/libjava.so
7fdb1fffd000-7fdb1fffe000 r--p 0002a000 08:07 272996                     /usr/lib/jvm/java-7-openjdk-amd64/jre/lib/amd64/libjava.so
7fdb1fffe000-7fdb20000000 rw-p 0002b000 08:07 272996                     /usr/lib/jvm/java-7-openjdk-amd64/jre/lib/amd64/libjava.so
7fdb20000000-7fdb2005c000 rw-p 00000000 00:00 0 
7fdb2005c000-7fdb24000000 ---p 00000000 00:00 0 
7fdb24026000-7fdb24059000 rw-p 00000000 00:00 0 
7fdb24059000-7fdb240a1000 rw-p 00000000 00:00 0 
7fdb240a1000-7fdb240b1000 rw-p 00000000 00:00 0 
7fdb240b1000-7fdb2419d000 rw-p 00000000 00:00 0 
7fdb2419d000-7fdb241ac000 r-xp 00000000 08:07 272995                     /usr/lib/jvm/java-7-openjdk-amd64/jre/lib/amd64/libverify.so
7fdb241ac000-7fdb243ab000 ---p 0000f000 08:07 272995                     /usr/lib/jvm/java-7-openjdk-amd64/jre/lib/amd64/libverify.so
7fdb243ab000-7fdb243ad000 r--p 0000e000 08:07 272995                     /usr/lib/jvm/java-7-openjdk-amd64/jre/lib/amd64/libverify.so
7fdb243ad000-7fdb243ae000 rw-p 00010000 08:07 272995                     /usr/lib/jvm/java-7-openjdk-amd64/jre/lib/amd64/libverify.so
7fdb243ae000-7fdb243b5000 r-xp 00000000 08:07 918176                     /lib/x86_64-linux-gnu/librt-2.17.so
7fdb243b5000-7fdb245b4000 ---p 00007000 08:07 918176                     /lib/x86_64-linux-gnu/librt-2.17.so
7fdb245b4000-7fdb245b5000 r--p 00006000 08:07 918176                     /lib/x86_64-linux-gnu/librt-2.17.so
7fdb245b5000-7fdb245b6000 rw-p 00007000 08:07 918176                     /lib/x86_64-linux-gnu/librt-2.17.so
7fdb245b6000-7fdb245ca000 r-xp 00000000 08:07 921746                     /lib/x86_64-linux-gnu/libgcc_s.so.1
7fdb245ca000-7fdb247ca000 ---p 00014000 08:07 921746                     /lib/x86_64-linux-gnu/libgcc_s.so.1
7fdb247ca000-7fdb247cb000 r--p 00014000 08:07 921746                     /lib/x86_64-linux-gnu/libgcc_s.so.1
7fdb247cb000-7fdb247cc000 rw-p 00015000 08:07 921746                     /lib/x86_64-linux-gnu/libgcc_s.so.1
7fdb247cc000-7fdb248cf000 r-xp 00000000 08:07 922537                     /lib/x86_64-linux-gnu/libm-2.17.so
7fdb248cf000-7fdb24acf000 ---p 00103000 08:07 922537                     /lib/x86_64-linux-gnu/libm-2.17.so
7fdb24acf000-7fdb24ad0000 r--p 00103000 08:07 922537                     /lib/x86_64-linux-gnu/libm-2.17.so
7fdb24ad0000-7fdb24ad1000 rw-p 00104000 08:07 922537                     /lib/x86_64-linux-gnu/libm-2.17.so
7fdb24ad1000-7fdb24bb6000 r-xp 00000000 08:07 262638                     /usr/lib/x86_64-linux-gnu/libstdc++.so.6.0.17
7fdb24bb6000-7fdb24db5000 ---p 000e5000 08:07 262638                     /usr/lib/x86_64-linux-gnu/libstdc++.so.6.0.17
7fdb24db5000-7fdb24dbd000 r--p 000e4000 08:07 262638                     /usr/lib/x86_64-linux-gnu/libstdc++.so.6.0.17
7fdb24dbd000-7fdb24dbf000 rw-p 000ec000 08:07 262638                     /usr/lib/x86_64-linux-gnu/libstdc++.so.6.0.17
7fdb24dbf000-7fdb24dd4000 rw-p 00000000 00:00 0 
7fdb24dd4000-7fdb257c4000 r-xp 00000000 08:07 273000                     /usr/lib/jvm/java-7-openjdk-amd64/jre/lib/amd64/server/libjvm.so
7fdb257c4000-7fdb259c3000 ---p 009f0000 08:07 273000                     /usr/lib/jvm/java-7-openjdk-amd64/jre/lib/amd64/server/libjvm.so
7fdb259c3000-7fdb25a42000 r--p 009ef000 08:07 273000                     /usr/lib/jvm/java-7-openjdk-amd64/jre/lib/amd64/server/libjvm.so
7fdb25a42000-7fdb25a65000 rw-p 00a6e000 08:07 273000                     /usr/lib/jvm/java-7-openjdk-amd64/jre/lib/amd64/server/libjvm.so
7fdb25a65000-7fdb25a90000 rw-p 00000000 00:00 0 
7fdb25a90000-7fdb25aa6000 r-xp 00000000 08:07 923602                     /lib/x86_64-linux-gnu/libz.so.1.2.7
7fdb25aa6000-7fdb25ca5000 ---p 00016000 08:07 923602                     /lib/x86_64-linux-gnu/libz.so.1.2.7
7fdb25ca5000-7fdb25ca6000 r--p 00015000 08:07 923602                     /lib/x86_64-linux-gnu/libz.so.1.2.7
7fdb25ca6000-7fdb25ca7000 rw-p 00016000 08:07 923602                     /lib/x86_64-linux-gnu/libz.so.1.2.7
7fdb25ca7000-7fdb25cbf000 r-xp 00000000 08:07 922536                     /lib/x86_64-linux-gnu/libpthread-2.17.so
7fdb25cbf000-7fdb25ebe000 ---p 00018000 08:07 922536                     /lib/x86_64-linux-gnu/libpthread-2.17.so
7fdb25ebe000-7fdb25ebf000 r--p 00017000 08:07 922536                     /lib/x86_64-linux-gnu/libpthread-2.17.so
7fdb25ebf000-7fdb25ec0000 rw-p 00018000 08:07 922536                     /lib/x86_64-linux-gnu/libpthread-2.17.so
7fdb25ec0000-7fdb25ec4000 rw-p 00000000 00:00 0 
7fdb25ec4000-7fdb25ec7000 r-xp 00000000 08:07 921768                     /lib/x86_64-linux-gnu/libdl-2.17.so
7fdb25ec7000-7fdb260c6000 ---p 00003000 08:07 921768                     /lib/x86_64-linux-gnu/libdl-2.17.so
7fdb260c6000-7fdb260c7000 r--p 00002000 08:07 921768                     /lib/x86_64-linux-gnu/libdl-2.17.so
7fdb260c7000-7fdb260c8000 rw-p 00003000 08:07 921768                     /lib/x86_64-linux-gnu/libdl-2.17.so
7fdb260c8000-7fdb26286000 r-xp 00000000 08:07 921755                     /lib/x86_64-linux-gnu/libc-2.17.so
7fdb26286000-7fdb26485000 ---p 001be000 08:07 921755                     /lib/x86_64-linux-gnu/libc-2.17.so
7fdb26485000-7fdb26489000 r--p 001bd000 08:07 921755                     /lib/x86_64-linux-gnu/libc-2.17.so
7fdb26489000-7fdb2648b000 rw-p 001c1000 08:07 921755                     /lib/x86_64-linux-gnu/libc-2.17.so
7fdb2648b000-7fdb26490000 rw-p 00000000 00:00 0 
7fdb26490000-7fdb2649d000 r-xp 00000000 08:07 272697                     /usr/lib/jvm/java-7-openjdk-amd64/jre/lib/amd64/jli/libjli.so
7fdb2649d000-7fdb2669c000 ---p 0000d000 08:07 272697                     /usr/lib/jvm/java-7-openjdk-amd64/jre/lib/amd64/jli/libjli.so
7fdb2669c000-7fdb2669d000 r--p 0000c000 08:07 272697                     /usr/lib/jvm/java-7-openjdk-amd64/jre/lib/amd64/jli/libjli.so
7fdb2669d000-7fdb2669e000 rw-p 0000d000 08:07 272697                     /usr/lib/jvm/java-7-openjdk-amd64/jre/lib/amd64/jli/libjli.so
7fdb2669e000-7fdb266c1000 r-xp 00000000 08:07 921521                     /lib/x86_64-linux-gnu/ld-2.17.so
7fdb266d3000-7fdb266dd000 rw-p 00000000 00:00 0 
7fdb266dd000-7fdb26793000 rw-p 00000000 00:00 0 
7fdb26793000-7fdb26796000 ---p 00000000 00:00 0 
7fdb26796000-7fdb26899000 rw-p 00000000 00:00 0                          [stack:24535]
7fdb268b2000-7fdb268b4000 rw-p 00000000 00:00 0 
7fdb268b4000-7fdb268bc000 rw-s 00000000 08:07 1060565                    /tmp/hsperfdata_filip/24530
7fdb268bc000-7fdb268bd000 rw-p 00000000 00:00 0 
7fdb268bd000-7fdb268be000 r--p 00000000 00:00 0 
7fdb268be000-7fdb268c0000 rw-p 00000000 00:00 0 
7fdb268c0000-7fdb268c1000 r--p 00022000 08:07 921521                     /lib/x86_64-linux-gnu/ld-2.17.so
7fdb268c1000-7fdb268c3000 rw-p 00023000 08:07 921521                     /lib/x86_64-linux-gnu/ld-2.17.so
7fffb0f34000-7fffb0f55000 rw-p 00000000 00:00 0                          [stack]
7fffb0ffe000-7fffb1000000 r-xp 00000000 00:00 0                          [vdso]
ffffffffff600000-ffffffffff601000 r-xp 00000000 00:00 0                  [vsyscall]

VM Arguments:
jvm_args: -Dfile.encoding=UTF-8 -Xbootclasspath:/home/filip/android-sdks/platforms/android-17/android.jar 
java_command: sk.ayazi.glstnzastupovanie.Zastup
Launcher Type: SUN_STANDARD

Environment Variables:
PATH=/usr/local/sbin:/usr/local/bin:/usr/sbin:/usr/bin:/sbin:/bin:/usr/games:/usr/local/games
USERNAME=filip
SHELL=/bin/bash
DISPLAY=:0

Signal Handlers:
SIGSEGV: [libjvm.so+0x84f410], sa_mask[0]=0x7ffbfeff, sa_flags=0x10000004
SIGBUS: [libjvm.so+0x84f410], sa_mask[0]=0x7ffbfeff, sa_flags=0x10000004
SIGFPE: [libjvm.so+0x6f19a0], sa_mask[0]=0x7ffbfeff, sa_flags=0x10000004
SIGPIPE: [libjvm.so+0x6f19a0], sa_mask[0]=0x7ffbfeff, sa_flags=0x10000004
SIGXFSZ: [libjvm.so+0x6f19a0], sa_mask[0]=0x7ffbfeff, sa_flags=0x10000004
SIGILL: [libjvm.so+0x6f19a0], sa_mask[0]=0x7ffbfeff, sa_flags=0x10000004
SIGUSR1: SIG_DFL, sa_mask[0]=0x00000000, sa_flags=0x00000000
SIGUSR2: [libjvm.so+0x6f1d70], sa_mask[0]=0x00000004, sa_flags=0x10000004
SIGHUP: SIG_DFL, sa_mask[0]=0x00000000, sa_flags=0x00000000
SIGINT: SIG_DFL, sa_mask[0]=0x00000000, sa_flags=0x00000000
SIGTERM: SIG_DFL, sa_mask[0]=0x00000000, sa_flags=0x00000000
SIGQUIT: SIG_DFL, sa_mask[0]=0x00000000, sa_flags=0x00000000


---------------  S Y S T E M  ---------------

OS:LinuxMint 15 (olivia)
uname:Linux 3.8.0-26-generic #38-Ubuntu SMP Mon Jun 17 21:43:33 UTC 2013 x86_64
libc:glibc 2.17 NPTL 2.17 
rlimit: STACK 8192k, CORE 0k, NPROC 23922, NOFILE 4096, AS infinity
load average:1.87 1.58 1.50

/proc/meminfo:
MemTotal:        3081296 kB
MemFree:          104276 kB
Buffers:           29072 kB
Cached:           473784 kB
SwapCached:            0 kB
Active:          1895060 kB
Inactive:         756760 kB
Active(anon):    1666484 kB
Inactive(anon):   525152 kB
Active(file):     228576 kB
Inactive(file):   231608 kB
Unevictable:           0 kB
Mlocked:               0 kB
SwapTotal:        812024 kB
SwapFree:         811800 kB
Dirty:               448 kB
Writeback:             0 kB
AnonPages:       2149052 kB
Mapped:           210552 kB
Shmem:             42672 kB
Slab:              88592 kB
SReclaimable:      63508 kB
SUnreclaim:        25084 kB
KernelStack:        3848 kB
PageTables:        23936 kB
NFS_Unstable:          0 kB
Bounce:                0 kB
WritebackTmp:          0 kB
CommitLimit:     2352672 kB
Committed_AS:    4956228 kB
VmallocTotal:   34359738367 kB
VmallocUsed:       93852 kB
VmallocChunk:   34359637060 kB
HardwareCorrupted:     0 kB
AnonHugePages:         0 kB
HugePages_Total:       0
HugePages_Free:        0
HugePages_Rsvd:        0
HugePages_Surp:        0
Hugepagesize:       2048 kB
DirectMap4k:      136192 kB
DirectMap2M:     3008512 kB


CPU:total 2 (2 cores per cpu, 1 threads per core) family 17 model 3 stepping 1, cmov, cx8, fxsr, mmx, sse, sse2, sse3, mmxext, 3dnowpref, tsc, tscinvbit

/proc/cpuinfo:
processor	: 0
vendor_id	: AuthenticAMD
cpu family	: 17
model		: 3
model name	: AMD Turion(tm) X2 Ultra Dual-Core Mobile ZM-82
stepping	: 1
microcode	: 0x2000032
cpu MHz		: 2200.000
cache size	: 1024 KB
physical id	: 0
siblings	: 2
core id		: 0
cpu cores	: 2
apicid		: 0
initial apicid	: 0
fpu		: yes
fpu_exception	: yes
cpuid level	: 1
wp		: yes
flags		: fpu vme de pse tsc msr pae mce cx8 apic sep mtrr pge mca cmov pat pse36 clflush mmx fxsr sse sse2 ht syscall nx mmxext fxsr_opt rdtscp lm 3dnowext 3dnow constant_tsc rep_good nopl nonstop_tsc extd_apicid pni cx16 lahf_lm cmp_legacy svm extapic cr8_legacy 3dnowprefetch osvw skinit hw_pstate lbrv svm_lock nrip_save
bogomips	: 4400.41
TLB size	: 1024 4K pages
clflush size	: 64
cache_alignment	: 64
address sizes	: 40 bits physical, 48 bits virtual
power management: ts ttp tm stc 100mhzsteps hwpstate

processor	: 1
vendor_id	: AuthenticAMD
cpu family	: 17
model		: 3
model name	: AMD Turion(tm) X2 Ultra Dual-Core Mobile ZM-82
stepping	: 1
microcode	: 0x2000032
cpu MHz		: 2200.000
cache size	: 1024 KB
physical id	: 0
siblings	: 2
core id		: 1
cpu cores	: 2
apicid		: 1
initial apicid	: 1
fpu		: yes
fpu_exception	: yes
cpuid level	: 1
wp		: yes
flags		: fpu vme de pse tsc msr pae mce cx8 apic sep mtrr pge mca cmov pat pse36 clflush mmx fxsr sse sse2 ht syscall nx mmxext fxsr_opt rdtscp lm 3dnowext 3dnow constant_tsc rep_good nopl nonstop_tsc extd_apicid pni cx16 lahf_lm cmp_legacy svm extapic cr8_legacy 3dnowprefetch osvw skinit hw_pstate lbrv svm_lock nrip_save
bogomips	: 4400.41
TLB size	: 1024 4K pages
clflush size	: 64
cache_alignment	: 64
address sizes	: 40 bits physical, 48 bits virtual
power management: ts ttp tm stc 100mhzsteps hwpstate



Memory: 4k page, physical 3081296k(104276k free), swap 812024k(811800k free)

vm_info: OpenJDK 64-Bit Server VM (23.7-b01) for linux-amd64 JRE (1.7.0_25-b30), built on Jul  3 2013 13:50:39 by "buildd" with gcc 4.7.3

time: Wed Sep 25 18:15:38 2013
elapsed time: 0 seconds

