#
# A fatal error has been detected by the Java Runtime Environment:
#
#  Internal Error (javaClasses.cpp:129), pid=24489, tid=139936568284928
#  fatal error: Invalid layout of preloaded class
#
# JRE version: 7.0_25-b30
# Java VM: OpenJDK 64-Bit Server VM (23.7-b01 mixed mode linux-amd64 compressed oops)
# Failed to write core dump. Core dumps have been disabled. To enable core dumping, try "ulimit -c unlimited" before starting Java again
#
# If you would like to submit a bug report, please include
# instructions on how to reproduce the bug and visit:
#   https://bugs.launchpad.net/ubuntu/+source/openjdk-7/
#

---------------  T H R E A D  ---------------

Current thread (0x00007f457c009000):  JavaThread "Unknown thread" [_thread_in_vm, id=24491, stack(0x00007f4585619000,0x00007f458571a000)]

Stack: [0x00007f4585619000,0x00007f458571a000],  sp=0x00007f45857189a0,  free space=1022k
Native frames: (J=compiled Java code, j=interpreted, Vv=VM code, C=native code)
V  [libjvm.so+0x84e92b]  VMError::report_and_die()+0x16b
V  [libjvm.so+0x3ebd57]  report_fatal(char const*, int, char const*)+0x57
V  [libjvm.so+0x528efa]  compute_offset(int&, klassOopDesc*, Symbol*, Symbol*, bool) [clone .constprop.123]+0x11a
V  [libjvm.so+0x529166]  java_lang_String::compute_offsets()+0x36
V  [libjvm.so+0x7dcf8d]  SystemDictionary::initialize_preloaded_classes(Thread*)+0x3d
V  [libjvm.so+0x829288]  Universe::genesis(Thread*)+0x468
V  [libjvm.so+0x82973f]  universe2_init()+0x1f
V  [libjvm.so+0x4dde1a]  init_globals()+0x9a
V  [libjvm.so+0x80d26c]  Threads::create_vm(JavaVMInitArgs*, bool*)+0x39c
V  [libjvm.so+0x545278]  JNI_CreateJavaVM+0x58
C  [libjli.so+0x2b34]  __strcat_chk+0x2b34


---------------  P R O C E S S  ---------------

Java Threads: ( => current thread )

Other Threads:

=>0x00007f457c009000 (exited) JavaThread "Unknown thread" [_thread_in_vm, id=24491, stack(0x00007f4585619000,0x00007f458571a000)]

VM state:not at safepoint (not fully initialized)

VM Mutex/Monitor currently owned by a thread: None

GC Heap History (0 events):
No events

Deoptimization events (0 events):
No events

Internal exceptions (0 events):
No events

Events (10 events):
Event: 0.020 loading class 0x00007f457c027240 done
Event: 0.020 loading class 0x00007f457c026ae0 done
Event: 0.020 loading class 0x00007f457c026ab0
Event: 0.021 loading class 0x00007f457c051cc0
Event: 0.021 loading class 0x00007f457c051cc0 done
Event: 0.021 loading class 0x00007f457c051d00
Event: 0.021 loading class 0x00007f457c051d00 done
Event: 0.021 loading class 0x00007f457c051d40
Event: 0.021 loading class 0x00007f457c051d40 done
Event: 0.021 loading class 0x00007f457c026ab0 done


Dynamic libraries:
00400000-00401000 r-xp 00000000 08:07 273088                             /usr/lib/jvm/java-7-openjdk-amd64/jre/bin/java
00600000-00601000 r--p 00000000 08:07 273088                             /usr/lib/jvm/java-7-openjdk-amd64/jre/bin/java
00601000-00602000 rw-p 00001000 08:07 273088                             /usr/lib/jvm/java-7-openjdk-amd64/jre/bin/java
01b31000-01b52000 rw-p 00000000 00:00 0                                  [heap]
c6800000-c7cc0000 rw-p 00000000 00:00 0 
c7cc0000-d0e00000 rw-p 00000000 00:00 0 
d0e00000-d2d60000 rw-p 00000000 00:00 0 
d2d60000-f04b0000 rw-p 00000000 00:00 0 
f04b0000-f1460000 rw-p 00000000 00:00 0 
f1460000-100000000 rw-p 00000000 00:00 0 
7f456c000000-7f456c021000 rw-p 00000000 00:00 0 
7f456c021000-7f4570000000 ---p 00000000 00:00 0 
7f4574000000-7f4574021000 rw-p 00000000 00:00 0 
7f4574021000-7f4578000000 ---p 00000000 00:00 0 
7f45786c4000-7f4579000000 rw-p 00000000 00:00 0 
7f4579000000-7f4579270000 rwxp 00000000 00:00 0 
7f4579270000-7f457c05c000 rw-p 00000000 00:00 0 
7f457c05c000-7f4580000000 ---p 00000000 00:00 0 
7f45800b0000-7f45800e6000 rw-p 00000000 00:00 0 
7f45800e6000-7f45801ab000 r--s 0115c000 08:07 585137                     /home/filip/android-sdks/platforms/android-17/android.jar
7f45801ab000-7f4581e93000 rw-p 00000000 00:00 0 
7f4581e93000-7f4581e94000 ---p 00000000 00:00 0 
7f4581e94000-7f4581f94000 rw-p 00000000 00:00 0                          [stack:24494]
7f4581f94000-7f4581f95000 ---p 00000000 00:00 0 
7f4581f95000-7f45820a0000 rw-p 00000000 00:00 0                          [stack:24493]
7f45820a0000-7f45820e8000 rw-p 00000000 00:00 0 
7f45820e8000-7f45820f8000 rw-p 00000000 00:00 0 
7f45820f8000-7f45821e4000 rw-p 00000000 00:00 0 
7f45821e4000-7f45821ef000 rw-p 00000000 00:00 0 
7f45821ef000-7f4582237000 rw-p 00000000 00:00 0 
7f4582237000-7f4582247000 rw-p 00000000 00:00 0 
7f4582247000-7f4582332000 rw-p 00000000 00:00 0 
7f4582332000-7f458233b000 rw-p 00000000 00:00 0 
7f458233b000-7f45823b0000 rw-p 00000000 00:00 0 
7f45823b0000-7f45823b1000 rw-p 00000000 00:00 0 
7f45823b1000-7f45823b9000 r-xp 00000000 08:07 273086                     /usr/lib/jvm/java-7-openjdk-amd64/jre/lib/amd64/libzip.so
7f45823b9000-7f45825b8000 ---p 00008000 08:07 273086                     /usr/lib/jvm/java-7-openjdk-amd64/jre/lib/amd64/libzip.so
7f45825b8000-7f45825b9000 r--p 00007000 08:07 273086                     /usr/lib/jvm/java-7-openjdk-amd64/jre/lib/amd64/libzip.so
7f45825b9000-7f45825ba000 rw-p 00008000 08:07 273086                     /usr/lib/jvm/java-7-openjdk-amd64/jre/lib/amd64/libzip.so
7f45825ba000-7f45825c6000 r-xp 00000000 08:07 922800                     /lib/x86_64-linux-gnu/libnss_files-2.17.so
7f45825c6000-7f45827c5000 ---p 0000c000 08:07 922800                     /lib/x86_64-linux-gnu/libnss_files-2.17.so
7f45827c5000-7f45827c6000 r--p 0000b000 08:07 922800                     /lib/x86_64-linux-gnu/libnss_files-2.17.so
7f45827c6000-7f45827c7000 rw-p 0000c000 08:07 922800                     /lib/x86_64-linux-gnu/libnss_files-2.17.so
7f45827c7000-7f45827d2000 r-xp 00000000 08:07 922539                     /lib/x86_64-linux-gnu/libnss_nis-2.17.so
7f45827d2000-7f45829d1000 ---p 0000b000 08:07 922539                     /lib/x86_64-linux-gnu/libnss_nis-2.17.so
7f45829d1000-7f45829d2000 r--p 0000a000 08:07 922539                     /lib/x86_64-linux-gnu/libnss_nis-2.17.so
7f45829d2000-7f45829d3000 rw-p 0000b000 08:07 922539                     /lib/x86_64-linux-gnu/libnss_nis-2.17.so
7f45829d3000-7f45829ea000 r-xp 00000000 08:07 921517                     /lib/x86_64-linux-gnu/libnsl-2.17.so
7f45829ea000-7f4582be9000 ---p 00017000 08:07 921517                     /lib/x86_64-linux-gnu/libnsl-2.17.so
7f4582be9000-7f4582bea000 r--p 00016000 08:07 921517                     /lib/x86_64-linux-gnu/libnsl-2.17.so
7f4582bea000-7f4582beb000 rw-p 00017000 08:07 921517                     /lib/x86_64-linux-gnu/libnsl-2.17.so
7f4582beb000-7f4582bed000 rw-p 00000000 00:00 0 
7f4582bed000-7f4582bf5000 r-xp 00000000 08:07 921812                     /lib/x86_64-linux-gnu/libnss_compat-2.17.so
7f4582bf5000-7f4582df4000 ---p 00008000 08:07 921812                     /lib/x86_64-linux-gnu/libnss_compat-2.17.so
7f4582df4000-7f4582df5000 r--p 00007000 08:07 921812                     /lib/x86_64-linux-gnu/libnss_compat-2.17.so
7f4582df5000-7f4582df6000 rw-p 00008000 08:07 921812                     /lib/x86_64-linux-gnu/libnss_compat-2.17.so
7f4582df6000-7f4582e21000 r-xp 00000000 08:07 272996                     /usr/lib/jvm/java-7-openjdk-amd64/jre/lib/amd64/libjava.so
7f4582e21000-7f4583020000 ---p 0002b000 08:07 272996                     /usr/lib/jvm/java-7-openjdk-amd64/jre/lib/amd64/libjava.so
7f4583020000-7f4583021000 r--p 0002a000 08:07 272996                     /usr/lib/jvm/java-7-openjdk-amd64/jre/lib/amd64/libjava.so
7f4583021000-7f4583023000 rw-p 0002b000 08:07 272996                     /usr/lib/jvm/java-7-openjdk-amd64/jre/lib/amd64/libjava.so
7f4583023000-7f4583032000 r-xp 00000000 08:07 272995                     /usr/lib/jvm/java-7-openjdk-amd64/jre/lib/amd64/libverify.so
7f4583032000-7f4583231000 ---p 0000f000 08:07 272995                     /usr/lib/jvm/java-7-openjdk-amd64/jre/lib/amd64/libverify.so
7f4583231000-7f4583233000 r--p 0000e000 08:07 272995                     /usr/lib/jvm/java-7-openjdk-amd64/jre/lib/amd64/libverify.so
7f4583233000-7f4583234000 rw-p 00010000 08:07 272995                     /usr/lib/jvm/java-7-openjdk-amd64/jre/lib/amd64/libverify.so
7f4583234000-7f458323b000 r-xp 00000000 08:07 918176                     /lib/x86_64-linux-gnu/librt-2.17.so
7f458323b000-7f458343a000 ---p 00007000 08:07 918176                     /lib/x86_64-linux-gnu/librt-2.17.so
7f458343a000-7f458343b000 r--p 00006000 08:07 918176                     /lib/x86_64-linux-gnu/librt-2.17.so
7f458343b000-7f458343c000 rw-p 00007000 08:07 918176                     /lib/x86_64-linux-gnu/librt-2.17.so
7f458343c000-7f4583450000 r-xp 00000000 08:07 921746                     /lib/x86_64-linux-gnu/libgcc_s.so.1
7f4583450000-7f4583650000 ---p 00014000 08:07 921746                     /lib/x86_64-linux-gnu/libgcc_s.so.1
7f4583650000-7f4583651000 r--p 00014000 08:07 921746                     /lib/x86_64-linux-gnu/libgcc_s.so.1
7f4583651000-7f4583652000 rw-p 00015000 08:07 921746                     /lib/x86_64-linux-gnu/libgcc_s.so.1
7f4583652000-7f4583755000 r-xp 00000000 08:07 922537                     /lib/x86_64-linux-gnu/libm-2.17.so
7f4583755000-7f4583955000 ---p 00103000 08:07 922537                     /lib/x86_64-linux-gnu/libm-2.17.so
7f4583955000-7f4583956000 r--p 00103000 08:07 922537                     /lib/x86_64-linux-gnu/libm-2.17.so
7f4583956000-7f4583957000 rw-p 00104000 08:07 922537                     /lib/x86_64-linux-gnu/libm-2.17.so
7f4583957000-7f4583a3c000 r-xp 00000000 08:07 262638                     /usr/lib/x86_64-linux-gnu/libstdc++.so.6.0.17
7f4583a3c000-7f4583c3b000 ---p 000e5000 08:07 262638                     /usr/lib/x86_64-linux-gnu/libstdc++.so.6.0.17
7f4583c3b000-7f4583c43000 r--p 000e4000 08:07 262638                     /usr/lib/x86_64-linux-gnu/libstdc++.so.6.0.17
7f4583c43000-7f4583c45000 rw-p 000ec000 08:07 262638                     /usr/lib/x86_64-linux-gnu/libstdc++.so.6.0.17
7f4583c45000-7f4583c5a000 rw-p 00000000 00:00 0 
7f4583c5a000-7f458464a000 r-xp 00000000 08:07 273000                     /usr/lib/jvm/java-7-openjdk-amd64/jre/lib/amd64/server/libjvm.so
7f458464a000-7f4584849000 ---p 009f0000 08:07 273000                     /usr/lib/jvm/java-7-openjdk-amd64/jre/lib/amd64/server/libjvm.so
7f4584849000-7f45848c8000 r--p 009ef000 08:07 273000                     /usr/lib/jvm/java-7-openjdk-amd64/jre/lib/amd64/server/libjvm.so
7f45848c8000-7f45848eb000 rw-p 00a6e000 08:07 273000                     /usr/lib/jvm/java-7-openjdk-amd64/jre/lib/amd64/server/libjvm.so
7f45848eb000-7f4584916000 rw-p 00000000 00:00 0 
7f4584916000-7f458492c000 r-xp 00000000 08:07 923602                     /lib/x86_64-linux-gnu/libz.so.1.2.7
7f458492c000-7f4584b2b000 ---p 00016000 08:07 923602                     /lib/x86_64-linux-gnu/libz.so.1.2.7
7f4584b2b000-7f4584b2c000 r--p 00015000 08:07 923602                     /lib/x86_64-linux-gnu/libz.so.1.2.7
7f4584b2c000-7f4584b2d000 rw-p 00016000 08:07 923602                     /lib/x86_64-linux-gnu/libz.so.1.2.7
7f4584b2d000-7f4584b45000 r-xp 00000000 08:07 922536                     /lib/x86_64-linux-gnu/libpthread-2.17.so
7f4584b45000-7f4584d44000 ---p 00018000 08:07 922536                     /lib/x86_64-linux-gnu/libpthread-2.17.so
7f4584d44000-7f4584d45000 r--p 00017000 08:07 922536                     /lib/x86_64-linux-gnu/libpthread-2.17.so
7f4584d45000-7f4584d46000 rw-p 00018000 08:07 922536                     /lib/x86_64-linux-gnu/libpthread-2.17.so
7f4584d46000-7f4584d4a000 rw-p 00000000 00:00 0 
7f4584d4a000-7f4584d4d000 r-xp 00000000 08:07 921768                     /lib/x86_64-linux-gnu/libdl-2.17.so
7f4584d4d000-7f4584f4c000 ---p 00003000 08:07 921768                     /lib/x86_64-linux-gnu/libdl-2.17.so
7f4584f4c000-7f4584f4d000 r--p 00002000 08:07 921768                     /lib/x86_64-linux-gnu/libdl-2.17.so
7f4584f4d000-7f4584f4e000 rw-p 00003000 08:07 921768                     /lib/x86_64-linux-gnu/libdl-2.17.so
7f4584f4e000-7f458510c000 r-xp 00000000 08:07 921755                     /lib/x86_64-linux-gnu/libc-2.17.so
7f458510c000-7f458530b000 ---p 001be000 08:07 921755                     /lib/x86_64-linux-gnu/libc-2.17.so
7f458530b000-7f458530f000 r--p 001bd000 08:07 921755                     /lib/x86_64-linux-gnu/libc-2.17.so
7f458530f000-7f4585311000 rw-p 001c1000 08:07 921755                     /lib/x86_64-linux-gnu/libc-2.17.so
7f4585311000-7f4585316000 rw-p 00000000 00:00 0 
7f4585316000-7f4585323000 r-xp 00000000 08:07 272697                     /usr/lib/jvm/java-7-openjdk-amd64/jre/lib/amd64/jli/libjli.so
7f4585323000-7f4585522000 ---p 0000d000 08:07 272697                     /usr/lib/jvm/java-7-openjdk-amd64/jre/lib/amd64/jli/libjli.so
7f4585522000-7f4585523000 r--p 0000c000 08:07 272697                     /usr/lib/jvm/java-7-openjdk-amd64/jre/lib/amd64/jli/libjli.so
7f4585523000-7f4585524000 rw-p 0000d000 08:07 272697                     /usr/lib/jvm/java-7-openjdk-amd64/jre/lib/amd64/jli/libjli.so
7f4585524000-7f4585547000 r-xp 00000000 08:07 921521                     /lib/x86_64-linux-gnu/ld-2.17.so
7f4585559000-7f4585563000 rw-p 00000000 00:00 0 
7f4585563000-7f4585619000 rw-p 00000000 00:00 0 
7f4585619000-7f458561c000 ---p 00000000 00:00 0 
7f458561c000-7f458571f000 rw-p 00000000 00:00 0                          [stack:24491]
7f4585738000-7f458573a000 rw-p 00000000 00:00 0 
7f458573a000-7f4585742000 rw-s 00000000 08:07 1060565                    /tmp/hsperfdata_filip/24489
7f4585742000-7f4585743000 rw-p 00000000 00:00 0 
7f4585743000-7f4585744000 r--p 00000000 00:00 0 
7f4585744000-7f4585746000 rw-p 00000000 00:00 0 
7f4585746000-7f4585747000 r--p 00022000 08:07 921521                     /lib/x86_64-linux-gnu/ld-2.17.so
7f4585747000-7f4585749000 rw-p 00023000 08:07 921521                     /lib/x86_64-linux-gnu/ld-2.17.so
7fff346ae000-7fff346cf000 rw-p 00000000 00:00 0                          [stack]
7fff347fe000-7fff34800000 r-xp 00000000 00:00 0                          [vdso]
ffffffffff600000-ffffffffff601000 r-xp 00000000 00:00 0                  [vsyscall]

VM Arguments:
jvm_args: -Dfile.encoding=UTF-8 -Xbootclasspath:/home/filip/android-sdks/platforms/android-17/android.jar 
java_command: sk.ayazi.glstnzastupovanie.Zastup
Launcher Type: SUN_STANDARD

Environment Variables:
PATH=/usr/local/sbin:/usr/local/bin:/usr/sbin:/usr/bin:/sbin:/bin:/usr/games:/usr/local/games
USERNAME=filip
SHELL=/bin/bash
DISPLAY=:0

Signal Handlers:
SIGSEGV: [libjvm.so+0x84f410], sa_mask[0]=0x7ffbfeff, sa_flags=0x10000004
SIGBUS: [libjvm.so+0x84f410], sa_mask[0]=0x7ffbfeff, sa_flags=0x10000004
SIGFPE: [libjvm.so+0x6f19a0], sa_mask[0]=0x7ffbfeff, sa_flags=0x10000004
SIGPIPE: [libjvm.so+0x6f19a0], sa_mask[0]=0x7ffbfeff, sa_flags=0x10000004
SIGXFSZ: [libjvm.so+0x6f19a0], sa_mask[0]=0x7ffbfeff, sa_flags=0x10000004
SIGILL: [libjvm.so+0x6f19a0], sa_mask[0]=0x7ffbfeff, sa_flags=0x10000004
SIGUSR1: SIG_DFL, sa_mask[0]=0x00000000, sa_flags=0x00000000
SIGUSR2: [libjvm.so+0x6f1d70], sa_mask[0]=0x00000004, sa_flags=0x10000004
SIGHUP: SIG_DFL, sa_mask[0]=0x00000000, sa_flags=0x00000000
SIGINT: SIG_DFL, sa_mask[0]=0x00000000, sa_flags=0x00000000
SIGTERM: SIG_DFL, sa_mask[0]=0x00000000, sa_flags=0x00000000
SIGQUIT: SIG_DFL, sa_mask[0]=0x00000000, sa_flags=0x00000000


---------------  S Y S T E M  ---------------

OS:LinuxMint 15 (olivia)
uname:Linux 3.8.0-26-generic #38-Ubuntu SMP Mon Jun 17 21:43:33 UTC 2013 x86_64
libc:glibc 2.17 NPTL 2.17 
rlimit: STACK 8192k, CORE 0k, NPROC 23922, NOFILE 4096, AS infinity
load average:1.61 1.50 1.47

/proc/meminfo:
MemTotal:        3081296 kB
MemFree:           97884 kB
Buffers:           23152 kB
Cached:           486504 kB
SwapCached:            0 kB
Active:          1898288 kB
Inactive:         759408 kB
Active(anon):    1665084 kB
Inactive(anon):   525636 kB
Active(file):     233204 kB
Inactive(file):   233772 kB
Unevictable:           0 kB
Mlocked:               0 kB
SwapTotal:        812024 kB
SwapFree:         811800 kB
Dirty:               216 kB
Writeback:             0 kB
AnonPages:       2148104 kB
Mapped:           245396 kB
Shmem:             42672 kB
Slab:              88760 kB
SReclaimable:      63696 kB
SUnreclaim:        25064 kB
KernelStack:        3840 kB
PageTables:        23788 kB
NFS_Unstable:          0 kB
Bounce:                0 kB
WritebackTmp:          0 kB
CommitLimit:     2352672 kB
Committed_AS:    4956104 kB
VmallocTotal:   34359738367 kB
VmallocUsed:       93852 kB
VmallocChunk:   34359637060 kB
HardwareCorrupted:     0 kB
AnonHugePages:         0 kB
HugePages_Total:       0
HugePages_Free:        0
HugePages_Rsvd:        0
HugePages_Surp:        0
Hugepagesize:       2048 kB
DirectMap4k:      136192 kB
DirectMap2M:     3008512 kB


CPU:total 2 (2 cores per cpu, 1 threads per core) family 17 model 3 stepping 1, cmov, cx8, fxsr, mmx, sse, sse2, sse3, mmxext, 3dnowpref, tsc, tscinvbit

/proc/cpuinfo:
processor	: 0
vendor_id	: AuthenticAMD
cpu family	: 17
model		: 3
model name	: AMD Turion(tm) X2 Ultra Dual-Core Mobile ZM-82
stepping	: 1
microcode	: 0x2000032
cpu MHz		: 2200.000
cache size	: 1024 KB
physical id	: 0
siblings	: 2
core id		: 0
cpu cores	: 2
apicid		: 0
initial apicid	: 0
fpu		: yes
fpu_exception	: yes
cpuid level	: 1
wp		: yes
flags		: fpu vme de pse tsc msr pae mce cx8 apic sep mtrr pge mca cmov pat pse36 clflush mmx fxsr sse sse2 ht syscall nx mmxext fxsr_opt rdtscp lm 3dnowext 3dnow constant_tsc rep_good nopl nonstop_tsc extd_apicid pni cx16 lahf_lm cmp_legacy svm extapic cr8_legacy 3dnowprefetch osvw skinit hw_pstate lbrv svm_lock nrip_save
bogomips	: 4400.41
TLB size	: 1024 4K pages
clflush size	: 64
cache_alignment	: 64
address sizes	: 40 bits physical, 48 bits virtual
power management: ts ttp tm stc 100mhzsteps hwpstate

processor	: 1
vendor_id	: AuthenticAMD
cpu family	: 17
model		: 3
model name	: AMD Turion(tm) X2 Ultra Dual-Core Mobile ZM-82
stepping	: 1
microcode	: 0x2000032
cpu MHz		: 2200.000
cache size	: 1024 KB
physical id	: 0
siblings	: 2
core id		: 1
cpu cores	: 2
apicid		: 1
initial apicid	: 1
fpu		: yes
fpu_exception	: yes
cpuid level	: 1
wp		: yes
flags		: fpu vme de pse tsc msr pae mce cx8 apic sep mtrr pge mca cmov pat pse36 clflush mmx fxsr sse sse2 ht syscall nx mmxext fxsr_opt rdtscp lm 3dnowext 3dnow constant_tsc rep_good nopl nonstop_tsc extd_apicid pni cx16 lahf_lm cmp_legacy svm extapic cr8_legacy 3dnowprefetch osvw skinit hw_pstate lbrv svm_lock nrip_save
bogomips	: 4400.41
TLB size	: 1024 4K pages
clflush size	: 64
cache_alignment	: 64
address sizes	: 40 bits physical, 48 bits virtual
power management: ts ttp tm stc 100mhzsteps hwpstate



Memory: 4k page, physical 3081296k(97884k free), swap 812024k(811800k free)

vm_info: OpenJDK 64-Bit Server VM (23.7-b01) for linux-amd64 JRE (1.7.0_25-b30), built on Jul  3 2013 13:50:39 by "buildd" with gcc 4.7.3

time: Wed Sep 25 18:15:14 2013
elapsed time: 0 seconds

